2024-05-21 23:41:19 [scrapy.utils.log] INFO: Scrapy 2.11.1 started (bot: properties)
2024-05-21 23:41:19 [scrapy.utils.log] INFO: Versions: lxml 5.2.1.0, libxml2 2.11.7, cssselect 1.2.0, parsel 1.9.1, w3lib 2.1.2, Twisted 24.3.0, Python 3.10.6 (tags/v3.10.6:9c7b4bd, Aug  1 2022, 21:53:49) [MSC v.1932 64 bit (AMD64)], pyOpenSSL 24.1.0 (OpenSSL 3.2.1 30 Jan 2024), cryptography 42.0.2, Platform Windows-10-10.0.19045-SP0
2024-05-21 23:41:19 [scrapy.addons] INFO: Enabled addons:
[]
2024-05-21 23:41:19 [asyncio] DEBUG: Using selector: SelectSelector
2024-05-21 23:41:19 [scrapy.utils.log] DEBUG: Using reactor: twisted.internet.asyncioreactor.AsyncioSelectorReactor
2024-05-21 23:41:19 [scrapy.utils.log] DEBUG: Using asyncio event loop: asyncio.windows_events._WindowsSelectorEventLoop
2024-05-21 23:41:19 [scrapy.extensions.telnet] INFO: Telnet Password: c5a0cd1204ac0a4f
2024-05-21 23:41:19 [scrapy.middleware] INFO: Enabled extensions:
['scrapy.extensions.corestats.CoreStats',
 'scrapy.extensions.telnet.TelnetConsole',
 'scrapy.extensions.logstats.LogStats']
2024-05-21 23:41:19 [scrapy.crawler] INFO: Overridden settings:
{'BOT_NAME': 'properties',
 'DOWNLOAD_DELAY': 3,
 'FEED_EXPORT_ENCODING': 'utf-8',
 'LOG_FILE': 'my_log2.log',
 'NEWSPIDER_MODULE': 'properties.spiders',
 'REQUEST_FINGERPRINTER_IMPLEMENTATION': '2.7',
 'ROBOTSTXT_OBEY': True,
 'SPIDER_MODULES': ['properties.spiders'],
 'TWISTED_REACTOR': 'twisted.internet.asyncioreactor.AsyncioSelectorReactor'}
2024-05-21 23:41:19 [scrapy.middleware] INFO: Enabled downloader middlewares:
['scrapy.downloadermiddlewares.robotstxt.RobotsTxtMiddleware',
 'scrapy.downloadermiddlewares.httpauth.HttpAuthMiddleware',
 'scrapy.downloadermiddlewares.downloadtimeout.DownloadTimeoutMiddleware',
 'scrapy.downloadermiddlewares.defaultheaders.DefaultHeadersMiddleware',
 'scrapy.downloadermiddlewares.useragent.UserAgentMiddleware',
 'scrapy.downloadermiddlewares.retry.RetryMiddleware',
 'scrapy.downloadermiddlewares.redirect.MetaRefreshMiddleware',
 'scrapy.downloadermiddlewares.httpcompression.HttpCompressionMiddleware',
 'scrapy.downloadermiddlewares.redirect.RedirectMiddleware',
 'scrapy.downloadermiddlewares.cookies.CookiesMiddleware',
 'scrapy.downloadermiddlewares.httpproxy.HttpProxyMiddleware',
 'scrapy.downloadermiddlewares.stats.DownloaderStats']
2024-05-21 23:41:19 [scrapy.middleware] INFO: Enabled spider middlewares:
['scrapy.spidermiddlewares.httperror.HttpErrorMiddleware',
 'scrapy.spidermiddlewares.offsite.OffsiteMiddleware',
 'scrapy.spidermiddlewares.referer.RefererMiddleware',
 'scrapy.spidermiddlewares.urllength.UrlLengthMiddleware',
 'scrapy.spidermiddlewares.depth.DepthMiddleware']
2024-05-21 23:41:19 [scrapy.middleware] INFO: Enabled item pipelines:
['properties.pipelines.MongoDBPipeline']
2024-05-21 23:41:19 [scrapy.core.engine] INFO: Spider opened
2024-05-21 23:41:19 [scrapy.extensions.logstats] INFO: Crawled 0 pages (at 0 pages/min), scraped 0 items (at 0 items/min)
2024-05-21 23:41:19 [scrapy.extensions.telnet] INFO: Telnet console listening on 127.0.0.1:6023
2024-05-21 23:41:30 [scrapy.core.engine] DEBUG: Crawled (200) <GET https://aqarmap.com.eg/robots.txt> (referer: None)
2024-05-21 23:41:32 [scrapy.core.engine] DEBUG: Crawled (200) <GET https://aqarmap.com.eg/en/for-rent/apartment/cairo/nasr-city/> (referer: None)
2024-05-21 23:41:32 [pymongo.serverSelection] DEBUG: {"message": "Server selection started", "selector": "<function writable_server_selector at 0x000001FEE687F7F0>", "operation": "insert", "topologyDescription": "<TopologyDescription id: 664d06efbb8ccd6879cb543b, topology_type: Single, servers: [<ServerDescription ('localhost', 27017) server_type: Standalone, rtt: 0.0>]>", "clientId": {"$oid": "664d06efbb8ccd6879cb543b"}}
2024-05-21 23:41:32 [pymongo.serverSelection] DEBUG: {"message": "Server selection succeeded", "selector": "<function writable_server_selector at 0x000001FEE687F7F0>", "operation": "insert", "topologyDescription": "<TopologyDescription id: 664d06efbb8ccd6879cb543b, topology_type: Single, servers: [<ServerDescription ('localhost', 27017) server_type: Standalone, rtt: 0.0>]>", "clientId": {"$oid": "664d06efbb8ccd6879cb543b"}, "serverHost": "localhost", "serverPort": 27017}
2024-05-21 23:41:32 [pymongo.command] DEBUG: {"clientId": {"$oid": "664d06efbb8ccd6879cb543b"}, "message": "Command started", "command": "{\"insert\": \"prices\", \"ordered\": true, \"lsid\": {\"id\": {\"$binary\": {\"base64\": \"xuqQwwLgQgSG+qo5SNbL5g==\", \"subType\": \"04\"}}}, \"$db\": \"aqarmapRealEstate\", \"documents\": [{\"price\": \"35000\", \"_id\": {\"$oid\": \"664d06fcbb8ccd6879cb543c\"}}]}", "commandName": "insert", "databaseName": "aqarmapRealEstate", "requestId": 27942, "operationId": 27942, "driverConnectionId": 1, "serverConnectionId": 27, "serverHost": "localhost", "serverPort": 27017}
2024-05-21 23:41:32 [pymongo.command] DEBUG: {"clientId": {"$oid": "664d06efbb8ccd6879cb543b"}, "message": "Command succeeded", "durationMS": 0.9970000000000001, "reply": "{\"n\": 1, \"ok\": 1.0}", "commandName": "insert", "databaseName": "aqarmapRealEstate", "requestId": 27942, "operationId": 27942, "driverConnectionId": 1, "serverConnectionId": 27, "serverHost": "localhost", "serverPort": 27017}
2024-05-21 23:41:32 [scrapy.core.scraper] ERROR: Error processing {'price': '35000'}
Traceback (most recent call last):
  File "C:\Users\Karim\AppData\Local\Programs\Python\Python310\lib\site-packages\twisted\internet\defer.py", line 1078, in _runCallbacks
    current.result = callback(  # type: ignore[misc]
  File "C:\Users\Karim\AppData\Local\Programs\Python\Python310\lib\site-packages\scrapy\utils\defer.py", line 340, in f
    return deferred_from_coro(coro_f(*coro_args, **coro_kwargs))
  File "C:\Users\Karim\Desktop\Projects\Real Estate Data Averages\properties\properties\pipelines.py", line 46, in process_item
    logger.debug("Price added to MongoDB database!", spider=spider)
  File "C:\Users\Karim\AppData\Local\Programs\Python\Python310\lib\logging\__init__.py", line 1465, in debug
    self._log(DEBUG, msg, args, **kwargs)
TypeError: Logger._log() got an unexpected keyword argument 'spider'
2024-05-21 23:41:32 [pymongo.serverSelection] DEBUG: {"message": "Server selection started", "selector": "<function writable_server_selector at 0x000001FEE687F7F0>", "operation": "insert", "topologyDescription": "<TopologyDescription id: 664d06efbb8ccd6879cb543b, topology_type: Single, servers: [<ServerDescription ('localhost', 27017) server_type: Standalone, rtt: 0.0>]>", "clientId": {"$oid": "664d06efbb8ccd6879cb543b"}}
2024-05-21 23:41:32 [pymongo.serverSelection] DEBUG: {"message": "Server selection succeeded", "selector": "<function writable_server_selector at 0x000001FEE687F7F0>", "operation": "insert", "topologyDescription": "<TopologyDescription id: 664d06efbb8ccd6879cb543b, topology_type: Single, servers: [<ServerDescription ('localhost', 27017) server_type: Standalone, rtt: 0.0>]>", "clientId": {"$oid": "664d06efbb8ccd6879cb543b"}, "serverHost": "localhost", "serverPort": 27017}
2024-05-21 23:41:32 [pymongo.command] DEBUG: {"clientId": {"$oid": "664d06efbb8ccd6879cb543b"}, "message": "Command started", "command": "{\"insert\": \"prices\", \"ordered\": true, \"lsid\": {\"id\": {\"$binary\": {\"base64\": \"xuqQwwLgQgSG+qo5SNbL5g==\", \"subType\": \"04\"}}}, \"$db\": \"aqarmapRealEstate\", \"documents\": [{\"price\": \"30000\", \"_id\": {\"$oid\": \"664d06fcbb8ccd6879cb543d\"}}]}", "commandName": "insert", "databaseName": "aqarmapRealEstate", "requestId": 2858, "operationId": 2858, "driverConnectionId": 1, "serverConnectionId": 27, "serverHost": "localhost", "serverPort": 27017}
2024-05-21 23:41:32 [pymongo.command] DEBUG: {"clientId": {"$oid": "664d06efbb8ccd6879cb543b"}, "message": "Command succeeded", "durationMS": 0.0, "reply": "{\"n\": 1, \"ok\": 1.0}", "commandName": "insert", "databaseName": "aqarmapRealEstate", "requestId": 2858, "operationId": 2858, "driverConnectionId": 1, "serverConnectionId": 27, "serverHost": "localhost", "serverPort": 27017}
2024-05-21 23:41:32 [scrapy.core.scraper] ERROR: Error processing {'price': '30000'}
Traceback (most recent call last):
  File "C:\Users\Karim\AppData\Local\Programs\Python\Python310\lib\site-packages\twisted\internet\defer.py", line 1078, in _runCallbacks
    current.result = callback(  # type: ignore[misc]
  File "C:\Users\Karim\AppData\Local\Programs\Python\Python310\lib\site-packages\scrapy\utils\defer.py", line 340, in f
    return deferred_from_coro(coro_f(*coro_args, **coro_kwargs))
  File "C:\Users\Karim\Desktop\Projects\Real Estate Data Averages\properties\properties\pipelines.py", line 46, in process_item
    logger.debug("Price added to MongoDB database!", spider=spider)
  File "C:\Users\Karim\AppData\Local\Programs\Python\Python310\lib\logging\__init__.py", line 1465, in debug
    self._log(DEBUG, msg, args, **kwargs)
TypeError: Logger._log() got an unexpected keyword argument 'spider'
2024-05-21 23:41:32 [pymongo.serverSelection] DEBUG: {"message": "Server selection started", "selector": "<function writable_server_selector at 0x000001FEE687F7F0>", "operation": "insert", "topologyDescription": "<TopologyDescription id: 664d06efbb8ccd6879cb543b, topology_type: Single, servers: [<ServerDescription ('localhost', 27017) server_type: Standalone, rtt: 0.0>]>", "clientId": {"$oid": "664d06efbb8ccd6879cb543b"}}
2024-05-21 23:41:32 [pymongo.serverSelection] DEBUG: {"message": "Server selection succeeded", "selector": "<function writable_server_selector at 0x000001FEE687F7F0>", "operation": "insert", "topologyDescription": "<TopologyDescription id: 664d06efbb8ccd6879cb543b, topology_type: Single, servers: [<ServerDescription ('localhost', 27017) server_type: Standalone, rtt: 0.0>]>", "clientId": {"$oid": "664d06efbb8ccd6879cb543b"}, "serverHost": "localhost", "serverPort": 27017}
2024-05-21 23:41:32 [pymongo.command] DEBUG: {"clientId": {"$oid": "664d06efbb8ccd6879cb543b"}, "message": "Command started", "command": "{\"insert\": \"prices\", \"ordered\": true, \"lsid\": {\"id\": {\"$binary\": {\"base64\": \"xuqQwwLgQgSG+qo5SNbL5g==\", \"subType\": \"04\"}}}, \"$db\": \"aqarmapRealEstate\", \"documents\": [{\"price\": \"45000\", \"_id\": {\"$oid\": \"664d06fcbb8ccd6879cb543e\"}}]}", "commandName": "insert", "databaseName": "aqarmapRealEstate", "requestId": 11415, "operationId": 11415, "driverConnectionId": 1, "serverConnectionId": 27, "serverHost": "localhost", "serverPort": 27017}
2024-05-21 23:41:32 [pymongo.command] DEBUG: {"clientId": {"$oid": "664d06efbb8ccd6879cb543b"}, "message": "Command succeeded", "durationMS": 0.0, "reply": "{\"n\": 1, \"ok\": 1.0}", "commandName": "insert", "databaseName": "aqarmapRealEstate", "requestId": 11415, "operationId": 11415, "driverConnectionId": 1, "serverConnectionId": 27, "serverHost": "localhost", "serverPort": 27017}
2024-05-21 23:41:32 [scrapy.core.scraper] ERROR: Error processing {'price': '45000'}
Traceback (most recent call last):
  File "C:\Users\Karim\AppData\Local\Programs\Python\Python310\lib\site-packages\twisted\internet\defer.py", line 1078, in _runCallbacks
    current.result = callback(  # type: ignore[misc]
  File "C:\Users\Karim\AppData\Local\Programs\Python\Python310\lib\site-packages\scrapy\utils\defer.py", line 340, in f
    return deferred_from_coro(coro_f(*coro_args, **coro_kwargs))
  File "C:\Users\Karim\Desktop\Projects\Real Estate Data Averages\properties\properties\pipelines.py", line 46, in process_item
    logger.debug("Price added to MongoDB database!", spider=spider)
  File "C:\Users\Karim\AppData\Local\Programs\Python\Python310\lib\logging\__init__.py", line 1465, in debug
    self._log(DEBUG, msg, args, **kwargs)
TypeError: Logger._log() got an unexpected keyword argument 'spider'
2024-05-21 23:41:32 [pymongo.serverSelection] DEBUG: {"message": "Server selection started", "selector": "<function writable_server_selector at 0x000001FEE687F7F0>", "operation": "insert", "topologyDescription": "<TopologyDescription id: 664d06efbb8ccd6879cb543b, topology_type: Single, servers: [<ServerDescription ('localhost', 27017) server_type: Standalone, rtt: 0.0>]>", "clientId": {"$oid": "664d06efbb8ccd6879cb543b"}}
2024-05-21 23:41:32 [pymongo.serverSelection] DEBUG: {"message": "Server selection succeeded", "selector": "<function writable_server_selector at 0x000001FEE687F7F0>", "operation": "insert", "topologyDescription": "<TopologyDescription id: 664d06efbb8ccd6879cb543b, topology_type: Single, servers: [<ServerDescription ('localhost', 27017) server_type: Standalone, rtt: 0.0>]>", "clientId": {"$oid": "664d06efbb8ccd6879cb543b"}, "serverHost": "localhost", "serverPort": 27017}
2024-05-21 23:41:32 [pymongo.command] DEBUG: {"clientId": {"$oid": "664d06efbb8ccd6879cb543b"}, "message": "Command started", "command": "{\"insert\": \"prices\", \"ordered\": true, \"lsid\": {\"id\": {\"$binary\": {\"base64\": \"xuqQwwLgQgSG+qo5SNbL5g==\", \"subType\": \"04\"}}}, \"$db\": \"aqarmapRealEstate\", \"documents\": [{\"price\": \"60000\", \"_id\": {\"$oid\": \"664d06fcbb8ccd6879cb543f\"}}]}", "commandName": "insert", "databaseName": "aqarmapRealEstate", "requestId": 24477, "operationId": 24477, "driverConnectionId": 1, "serverConnectionId": 27, "serverHost": "localhost", "serverPort": 27017}
2024-05-21 23:41:32 [pymongo.command] DEBUG: {"clientId": {"$oid": "664d06efbb8ccd6879cb543b"}, "message": "Command succeeded", "durationMS": 0.998, "reply": "{\"n\": 1, \"ok\": 1.0}", "commandName": "insert", "databaseName": "aqarmapRealEstate", "requestId": 24477, "operationId": 24477, "driverConnectionId": 1, "serverConnectionId": 27, "serverHost": "localhost", "serverPort": 27017}
2024-05-21 23:41:32 [scrapy.core.scraper] ERROR: Error processing {'price': '60000'}
Traceback (most recent call last):
  File "C:\Users\Karim\AppData\Local\Programs\Python\Python310\lib\site-packages\twisted\internet\defer.py", line 1078, in _runCallbacks
    current.result = callback(  # type: ignore[misc]
  File "C:\Users\Karim\AppData\Local\Programs\Python\Python310\lib\site-packages\scrapy\utils\defer.py", line 340, in f
    return deferred_from_coro(coro_f(*coro_args, **coro_kwargs))
  File "C:\Users\Karim\Desktop\Projects\Real Estate Data Averages\properties\properties\pipelines.py", line 46, in process_item
    logger.debug("Price added to MongoDB database!", spider=spider)
  File "C:\Users\Karim\AppData\Local\Programs\Python\Python310\lib\logging\__init__.py", line 1465, in debug
    self._log(DEBUG, msg, args, **kwargs)
TypeError: Logger._log() got an unexpected keyword argument 'spider'
2024-05-21 23:41:32 [pymongo.serverSelection] DEBUG: {"message": "Server selection started", "selector": "<function writable_server_selector at 0x000001FEE687F7F0>", "operation": "insert", "topologyDescription": "<TopologyDescription id: 664d06efbb8ccd6879cb543b, topology_type: Single, servers: [<ServerDescription ('localhost', 27017) server_type: Standalone, rtt: 0.0>]>", "clientId": {"$oid": "664d06efbb8ccd6879cb543b"}}
2024-05-21 23:41:32 [pymongo.serverSelection] DEBUG: {"message": "Server selection succeeded", "selector": "<function writable_server_selector at 0x000001FEE687F7F0>", "operation": "insert", "topologyDescription": "<TopologyDescription id: 664d06efbb8ccd6879cb543b, topology_type: Single, servers: [<ServerDescription ('localhost', 27017) server_type: Standalone, rtt: 0.0>]>", "clientId": {"$oid": "664d06efbb8ccd6879cb543b"}, "serverHost": "localhost", "serverPort": 27017}
2024-05-21 23:41:32 [pymongo.command] DEBUG: {"clientId": {"$oid": "664d06efbb8ccd6879cb543b"}, "message": "Command started", "command": "{\"insert\": \"prices\", \"ordered\": true, \"lsid\": {\"id\": {\"$binary\": {\"base64\": \"xuqQwwLgQgSG+qo5SNbL5g==\", \"subType\": \"04\"}}}, \"$db\": \"aqarmapRealEstate\", \"documents\": [{\"price\": \"32000\", \"_id\": {\"$oid\": \"664d06fcbb8ccd6879cb5440\"}}]}", "commandName": "insert", "databaseName": "aqarmapRealEstate", "requestId": 31296, "operationId": 31296, "driverConnectionId": 1, "serverConnectionId": 27, "serverHost": "localhost", "serverPort": 27017}
2024-05-21 23:41:32 [pymongo.command] DEBUG: {"clientId": {"$oid": "664d06efbb8ccd6879cb543b"}, "message": "Command succeeded", "durationMS": 0.9959999999999999, "reply": "{\"n\": 1, \"ok\": 1.0}", "commandName": "insert", "databaseName": "aqarmapRealEstate", "requestId": 31296, "operationId": 31296, "driverConnectionId": 1, "serverConnectionId": 27, "serverHost": "localhost", "serverPort": 27017}
2024-05-21 23:41:32 [scrapy.core.scraper] ERROR: Error processing {'price': '32000'}
Traceback (most recent call last):
  File "C:\Users\Karim\AppData\Local\Programs\Python\Python310\lib\site-packages\twisted\internet\defer.py", line 1078, in _runCallbacks
    current.result = callback(  # type: ignore[misc]
  File "C:\Users\Karim\AppData\Local\Programs\Python\Python310\lib\site-packages\scrapy\utils\defer.py", line 340, in f
    return deferred_from_coro(coro_f(*coro_args, **coro_kwargs))
  File "C:\Users\Karim\Desktop\Projects\Real Estate Data Averages\properties\properties\pipelines.py", line 46, in process_item
    logger.debug("Price added to MongoDB database!", spider=spider)
  File "C:\Users\Karim\AppData\Local\Programs\Python\Python310\lib\logging\__init__.py", line 1465, in debug
    self._log(DEBUG, msg, args, **kwargs)
TypeError: Logger._log() got an unexpected keyword argument 'spider'
2024-05-21 23:41:32 [pymongo.serverSelection] DEBUG: {"message": "Server selection started", "selector": "<function writable_server_selector at 0x000001FEE687F7F0>", "operation": "insert", "topologyDescription": "<TopologyDescription id: 664d06efbb8ccd6879cb543b, topology_type: Single, servers: [<ServerDescription ('localhost', 27017) server_type: Standalone, rtt: 0.0>]>", "clientId": {"$oid": "664d06efbb8ccd6879cb543b"}}
2024-05-21 23:41:32 [pymongo.serverSelection] DEBUG: {"message": "Server selection succeeded", "selector": "<function writable_server_selector at 0x000001FEE687F7F0>", "operation": "insert", "topologyDescription": "<TopologyDescription id: 664d06efbb8ccd6879cb543b, topology_type: Single, servers: [<ServerDescription ('localhost', 27017) server_type: Standalone, rtt: 0.0>]>", "clientId": {"$oid": "664d06efbb8ccd6879cb543b"}, "serverHost": "localhost", "serverPort": 27017}
2024-05-21 23:41:32 [pymongo.command] DEBUG: {"clientId": {"$oid": "664d06efbb8ccd6879cb543b"}, "message": "Command started", "command": "{\"insert\": \"prices\", \"ordered\": true, \"lsid\": {\"id\": {\"$binary\": {\"base64\": \"xuqQwwLgQgSG+qo5SNbL5g==\", \"subType\": \"04\"}}}, \"$db\": \"aqarmapRealEstate\", \"documents\": [{\"price\": \"35000\", \"_id\": {\"$oid\": \"664d06fcbb8ccd6879cb5441\"}}]}", "commandName": "insert", "databaseName": "aqarmapRealEstate", "requestId": 15627, "operationId": 15627, "driverConnectionId": 1, "serverConnectionId": 27, "serverHost": "localhost", "serverPort": 27017}
2024-05-21 23:41:32 [pymongo.command] DEBUG: {"clientId": {"$oid": "664d06efbb8ccd6879cb543b"}, "message": "Command succeeded", "durationMS": 0.0, "reply": "{\"n\": 1, \"ok\": 1.0}", "commandName": "insert", "databaseName": "aqarmapRealEstate", "requestId": 15627, "operationId": 15627, "driverConnectionId": 1, "serverConnectionId": 27, "serverHost": "localhost", "serverPort": 27017}
2024-05-21 23:41:32 [scrapy.core.scraper] ERROR: Error processing {'price': '35000'}
Traceback (most recent call last):
  File "C:\Users\Karim\AppData\Local\Programs\Python\Python310\lib\site-packages\twisted\internet\defer.py", line 1078, in _runCallbacks
    current.result = callback(  # type: ignore[misc]
  File "C:\Users\Karim\AppData\Local\Programs\Python\Python310\lib\site-packages\scrapy\utils\defer.py", line 340, in f
    return deferred_from_coro(coro_f(*coro_args, **coro_kwargs))
  File "C:\Users\Karim\Desktop\Projects\Real Estate Data Averages\properties\properties\pipelines.py", line 46, in process_item
    logger.debug("Price added to MongoDB database!", spider=spider)
  File "C:\Users\Karim\AppData\Local\Programs\Python\Python310\lib\logging\__init__.py", line 1465, in debug
    self._log(DEBUG, msg, args, **kwargs)
TypeError: Logger._log() got an unexpected keyword argument 'spider'
2024-05-21 23:41:32 [pymongo.serverSelection] DEBUG: {"message": "Server selection started", "selector": "<function writable_server_selector at 0x000001FEE687F7F0>", "operation": "insert", "topologyDescription": "<TopologyDescription id: 664d06efbb8ccd6879cb543b, topology_type: Single, servers: [<ServerDescription ('localhost', 27017) server_type: Standalone, rtt: 0.0>]>", "clientId": {"$oid": "664d06efbb8ccd6879cb543b"}}
2024-05-21 23:41:32 [pymongo.serverSelection] DEBUG: {"message": "Server selection succeeded", "selector": "<function writable_server_selector at 0x000001FEE687F7F0>", "operation": "insert", "topologyDescription": "<TopologyDescription id: 664d06efbb8ccd6879cb543b, topology_type: Single, servers: [<ServerDescription ('localhost', 27017) server_type: Standalone, rtt: 0.0>]>", "clientId": {"$oid": "664d06efbb8ccd6879cb543b"}, "serverHost": "localhost", "serverPort": 27017}
2024-05-21 23:41:32 [pymongo.command] DEBUG: {"clientId": {"$oid": "664d06efbb8ccd6879cb543b"}, "message": "Command started", "command": "{\"insert\": \"prices\", \"ordered\": true, \"lsid\": {\"id\": {\"$binary\": {\"base64\": \"xuqQwwLgQgSG+qo5SNbL5g==\", \"subType\": \"04\"}}}, \"$db\": \"aqarmapRealEstate\", \"documents\": [{\"price\": \"75000\", \"_id\": {\"$oid\": \"664d06fcbb8ccd6879cb5442\"}}]}", "commandName": "insert", "databaseName": "aqarmapRealEstate", "requestId": 29204, "operationId": 29204, "driverConnectionId": 1, "serverConnectionId": 27, "serverHost": "localhost", "serverPort": 27017}
2024-05-21 23:41:32 [pymongo.command] DEBUG: {"clientId": {"$oid": "664d06efbb8ccd6879cb543b"}, "message": "Command succeeded", "durationMS": 0.0, "reply": "{\"n\": 1, \"ok\": 1.0}", "commandName": "insert", "databaseName": "aqarmapRealEstate", "requestId": 29204, "operationId": 29204, "driverConnectionId": 1, "serverConnectionId": 27, "serverHost": "localhost", "serverPort": 27017}
2024-05-21 23:41:32 [scrapy.core.scraper] ERROR: Error processing {'price': '75000'}
Traceback (most recent call last):
  File "C:\Users\Karim\AppData\Local\Programs\Python\Python310\lib\site-packages\twisted\internet\defer.py", line 1078, in _runCallbacks
    current.result = callback(  # type: ignore[misc]
  File "C:\Users\Karim\AppData\Local\Programs\Python\Python310\lib\site-packages\scrapy\utils\defer.py", line 340, in f
    return deferred_from_coro(coro_f(*coro_args, **coro_kwargs))
  File "C:\Users\Karim\Desktop\Projects\Real Estate Data Averages\properties\properties\pipelines.py", line 46, in process_item
    logger.debug("Price added to MongoDB database!", spider=spider)
  File "C:\Users\Karim\AppData\Local\Programs\Python\Python310\lib\logging\__init__.py", line 1465, in debug
    self._log(DEBUG, msg, args, **kwargs)
TypeError: Logger._log() got an unexpected keyword argument 'spider'
2024-05-21 23:41:32 [pymongo.serverSelection] DEBUG: {"message": "Server selection started", "selector": "<function writable_server_selector at 0x000001FEE687F7F0>", "operation": "insert", "topologyDescription": "<TopologyDescription id: 664d06efbb8ccd6879cb543b, topology_type: Single, servers: [<ServerDescription ('localhost', 27017) server_type: Standalone, rtt: 0.0>]>", "clientId": {"$oid": "664d06efbb8ccd6879cb543b"}}
2024-05-21 23:41:32 [pymongo.serverSelection] DEBUG: {"message": "Server selection succeeded", "selector": "<function writable_server_selector at 0x000001FEE687F7F0>", "operation": "insert", "topologyDescription": "<TopologyDescription id: 664d06efbb8ccd6879cb543b, topology_type: Single, servers: [<ServerDescription ('localhost', 27017) server_type: Standalone, rtt: 0.0>]>", "clientId": {"$oid": "664d06efbb8ccd6879cb543b"}, "serverHost": "localhost", "serverPort": 27017}
2024-05-21 23:41:32 [pymongo.command] DEBUG: {"clientId": {"$oid": "664d06efbb8ccd6879cb543b"}, "message": "Command started", "command": "{\"insert\": \"prices\", \"ordered\": true, \"lsid\": {\"id\": {\"$binary\": {\"base64\": \"xuqQwwLgQgSG+qo5SNbL5g==\", \"subType\": \"04\"}}}, \"$db\": \"aqarmapRealEstate\", \"documents\": [{\"price\": \"70000\", \"_id\": {\"$oid\": \"664d06fcbb8ccd6879cb5443\"}}]}", "commandName": "insert", "databaseName": "aqarmapRealEstate", "requestId": 7730, "operationId": 7730, "driverConnectionId": 1, "serverConnectionId": 27, "serverHost": "localhost", "serverPort": 27017}
2024-05-21 23:41:32 [pymongo.command] DEBUG: {"clientId": {"$oid": "664d06efbb8ccd6879cb543b"}, "message": "Command succeeded", "durationMS": 0.0, "reply": "{\"n\": 1, \"ok\": 1.0}", "commandName": "insert", "databaseName": "aqarmapRealEstate", "requestId": 7730, "operationId": 7730, "driverConnectionId": 1, "serverConnectionId": 27, "serverHost": "localhost", "serverPort": 27017}
2024-05-21 23:41:32 [scrapy.core.scraper] ERROR: Error processing {'price': '70000'}
Traceback (most recent call last):
  File "C:\Users\Karim\AppData\Local\Programs\Python\Python310\lib\site-packages\twisted\internet\defer.py", line 1078, in _runCallbacks
    current.result = callback(  # type: ignore[misc]
  File "C:\Users\Karim\AppData\Local\Programs\Python\Python310\lib\site-packages\scrapy\utils\defer.py", line 340, in f
    return deferred_from_coro(coro_f(*coro_args, **coro_kwargs))
  File "C:\Users\Karim\Desktop\Projects\Real Estate Data Averages\properties\properties\pipelines.py", line 46, in process_item
    logger.debug("Price added to MongoDB database!", spider=spider)
  File "C:\Users\Karim\AppData\Local\Programs\Python\Python310\lib\logging\__init__.py", line 1465, in debug
    self._log(DEBUG, msg, args, **kwargs)
TypeError: Logger._log() got an unexpected keyword argument 'spider'
2024-05-21 23:41:32 [pymongo.serverSelection] DEBUG: {"message": "Server selection started", "selector": "<function writable_server_selector at 0x000001FEE687F7F0>", "operation": "insert", "topologyDescription": "<TopologyDescription id: 664d06efbb8ccd6879cb543b, topology_type: Single, servers: [<ServerDescription ('localhost', 27017) server_type: Standalone, rtt: 0.0>]>", "clientId": {"$oid": "664d06efbb8ccd6879cb543b"}}
2024-05-21 23:41:32 [pymongo.serverSelection] DEBUG: {"message": "Server selection succeeded", "selector": "<function writable_server_selector at 0x000001FEE687F7F0>", "operation": "insert", "topologyDescription": "<TopologyDescription id: 664d06efbb8ccd6879cb543b, topology_type: Single, servers: [<ServerDescription ('localhost', 27017) server_type: Standalone, rtt: 0.0>]>", "clientId": {"$oid": "664d06efbb8ccd6879cb543b"}, "serverHost": "localhost", "serverPort": 27017}
2024-05-21 23:41:32 [pymongo.command] DEBUG: {"clientId": {"$oid": "664d06efbb8ccd6879cb543b"}, "message": "Command started", "command": "{\"insert\": \"prices\", \"ordered\": true, \"lsid\": {\"id\": {\"$binary\": {\"base64\": \"xuqQwwLgQgSG+qo5SNbL5g==\", \"subType\": \"04\"}}}, \"$db\": \"aqarmapRealEstate\", \"documents\": [{\"price\": \"2000\", \"_id\": {\"$oid\": \"664d06fcbb8ccd6879cb5444\"}}]}", "commandName": "insert", "databaseName": "aqarmapRealEstate", "requestId": 11562, "operationId": 11562, "driverConnectionId": 1, "serverConnectionId": 27, "serverHost": "localhost", "serverPort": 27017}
2024-05-21 23:41:32 [pymongo.command] DEBUG: {"clientId": {"$oid": "664d06efbb8ccd6879cb543b"}, "message": "Command succeeded", "durationMS": 0.0, "reply": "{\"n\": 1, \"ok\": 1.0}", "commandName": "insert", "databaseName": "aqarmapRealEstate", "requestId": 11562, "operationId": 11562, "driverConnectionId": 1, "serverConnectionId": 27, "serverHost": "localhost", "serverPort": 27017}
2024-05-21 23:41:32 [scrapy.core.scraper] ERROR: Error processing {'price': '2000'}
Traceback (most recent call last):
  File "C:\Users\Karim\AppData\Local\Programs\Python\Python310\lib\site-packages\twisted\internet\defer.py", line 1078, in _runCallbacks
    current.result = callback(  # type: ignore[misc]
  File "C:\Users\Karim\AppData\Local\Programs\Python\Python310\lib\site-packages\scrapy\utils\defer.py", line 340, in f
    return deferred_from_coro(coro_f(*coro_args, **coro_kwargs))
  File "C:\Users\Karim\Desktop\Projects\Real Estate Data Averages\properties\properties\pipelines.py", line 46, in process_item
    logger.debug("Price added to MongoDB database!", spider=spider)
  File "C:\Users\Karim\AppData\Local\Programs\Python\Python310\lib\logging\__init__.py", line 1465, in debug
    self._log(DEBUG, msg, args, **kwargs)
TypeError: Logger._log() got an unexpected keyword argument 'spider'
2024-05-21 23:41:32 [pymongo.serverSelection] DEBUG: {"message": "Server selection started", "selector": "<function writable_server_selector at 0x000001FEE687F7F0>", "operation": "insert", "topologyDescription": "<TopologyDescription id: 664d06efbb8ccd6879cb543b, topology_type: Single, servers: [<ServerDescription ('localhost', 27017) server_type: Standalone, rtt: 0.0>]>", "clientId": {"$oid": "664d06efbb8ccd6879cb543b"}}
2024-05-21 23:41:32 [pymongo.serverSelection] DEBUG: {"message": "Server selection succeeded", "selector": "<function writable_server_selector at 0x000001FEE687F7F0>", "operation": "insert", "topologyDescription": "<TopologyDescription id: 664d06efbb8ccd6879cb543b, topology_type: Single, servers: [<ServerDescription ('localhost', 27017) server_type: Standalone, rtt: 0.0>]>", "clientId": {"$oid": "664d06efbb8ccd6879cb543b"}, "serverHost": "localhost", "serverPort": 27017}
2024-05-21 23:41:32 [pymongo.command] DEBUG: {"clientId": {"$oid": "664d06efbb8ccd6879cb543b"}, "message": "Command started", "command": "{\"insert\": \"prices\", \"ordered\": true, \"lsid\": {\"id\": {\"$binary\": {\"base64\": \"xuqQwwLgQgSG+qo5SNbL5g==\", \"subType\": \"04\"}}}, \"$db\": \"aqarmapRealEstate\", \"documents\": [{\"price\": \"16000\", \"_id\": {\"$oid\": \"664d06fcbb8ccd6879cb5445\"}}]}", "commandName": "insert", "databaseName": "aqarmapRealEstate", "requestId": 32504, "operationId": 32504, "driverConnectionId": 1, "serverConnectionId": 27, "serverHost": "localhost", "serverPort": 27017}
2024-05-21 23:41:32 [pymongo.command] DEBUG: {"clientId": {"$oid": "664d06efbb8ccd6879cb543b"}, "message": "Command succeeded", "durationMS": 0.0, "reply": "{\"n\": 1, \"ok\": 1.0}", "commandName": "insert", "databaseName": "aqarmapRealEstate", "requestId": 32504, "operationId": 32504, "driverConnectionId": 1, "serverConnectionId": 27, "serverHost": "localhost", "serverPort": 27017}
2024-05-21 23:41:32 [scrapy.core.scraper] ERROR: Error processing {'price': '16000'}
Traceback (most recent call last):
  File "C:\Users\Karim\AppData\Local\Programs\Python\Python310\lib\site-packages\twisted\internet\defer.py", line 1078, in _runCallbacks
    current.result = callback(  # type: ignore[misc]
  File "C:\Users\Karim\AppData\Local\Programs\Python\Python310\lib\site-packages\scrapy\utils\defer.py", line 340, in f
    return deferred_from_coro(coro_f(*coro_args, **coro_kwargs))
  File "C:\Users\Karim\Desktop\Projects\Real Estate Data Averages\properties\properties\pipelines.py", line 46, in process_item
    logger.debug("Price added to MongoDB database!", spider=spider)
  File "C:\Users\Karim\AppData\Local\Programs\Python\Python310\lib\logging\__init__.py", line 1465, in debug
    self._log(DEBUG, msg, args, **kwargs)
TypeError: Logger._log() got an unexpected keyword argument 'spider'
2024-05-21 23:41:32 [pymongo.serverSelection] DEBUG: {"message": "Server selection started", "selector": "<function writable_server_selector at 0x000001FEE687F7F0>", "operation": "insert", "topologyDescription": "<TopologyDescription id: 664d06efbb8ccd6879cb543b, topology_type: Single, servers: [<ServerDescription ('localhost', 27017) server_type: Standalone, rtt: 0.0>]>", "clientId": {"$oid": "664d06efbb8ccd6879cb543b"}}
2024-05-21 23:41:32 [pymongo.serverSelection] DEBUG: {"message": "Server selection succeeded", "selector": "<function writable_server_selector at 0x000001FEE687F7F0>", "operation": "insert", "topologyDescription": "<TopologyDescription id: 664d06efbb8ccd6879cb543b, topology_type: Single, servers: [<ServerDescription ('localhost', 27017) server_type: Standalone, rtt: 0.0>]>", "clientId": {"$oid": "664d06efbb8ccd6879cb543b"}, "serverHost": "localhost", "serverPort": 27017}
2024-05-21 23:41:32 [pymongo.command] DEBUG: {"clientId": {"$oid": "664d06efbb8ccd6879cb543b"}, "message": "Command started", "command": "{\"insert\": \"prices\", \"ordered\": true, \"lsid\": {\"id\": {\"$binary\": {\"base64\": \"xuqQwwLgQgSG+qo5SNbL5g==\", \"subType\": \"04\"}}}, \"$db\": \"aqarmapRealEstate\", \"documents\": [{\"price\": \"22000\", \"_id\": {\"$oid\": \"664d06fcbb8ccd6879cb5446\"}}]}", "commandName": "insert", "databaseName": "aqarmapRealEstate", "requestId": 15826, "operationId": 15826, "driverConnectionId": 1, "serverConnectionId": 27, "serverHost": "localhost", "serverPort": 27017}
2024-05-21 23:41:32 [pymongo.command] DEBUG: {"clientId": {"$oid": "664d06efbb8ccd6879cb543b"}, "message": "Command succeeded", "durationMS": 0.9970000000000001, "reply": "{\"n\": 1, \"ok\": 1.0}", "commandName": "insert", "databaseName": "aqarmapRealEstate", "requestId": 15826, "operationId": 15826, "driverConnectionId": 1, "serverConnectionId": 27, "serverHost": "localhost", "serverPort": 27017}
2024-05-21 23:41:32 [scrapy.core.scraper] ERROR: Error processing {'price': '22000'}
Traceback (most recent call last):
  File "C:\Users\Karim\AppData\Local\Programs\Python\Python310\lib\site-packages\twisted\internet\defer.py", line 1078, in _runCallbacks
    current.result = callback(  # type: ignore[misc]
  File "C:\Users\Karim\AppData\Local\Programs\Python\Python310\lib\site-packages\scrapy\utils\defer.py", line 340, in f
    return deferred_from_coro(coro_f(*coro_args, **coro_kwargs))
  File "C:\Users\Karim\Desktop\Projects\Real Estate Data Averages\properties\properties\pipelines.py", line 46, in process_item
    logger.debug("Price added to MongoDB database!", spider=spider)
  File "C:\Users\Karim\AppData\Local\Programs\Python\Python310\lib\logging\__init__.py", line 1465, in debug
    self._log(DEBUG, msg, args, **kwargs)
TypeError: Logger._log() got an unexpected keyword argument 'spider'
2024-05-21 23:41:32 [pymongo.serverSelection] DEBUG: {"message": "Server selection started", "selector": "<function writable_server_selector at 0x000001FEE687F7F0>", "operation": "insert", "topologyDescription": "<TopologyDescription id: 664d06efbb8ccd6879cb543b, topology_type: Single, servers: [<ServerDescription ('localhost', 27017) server_type: Standalone, rtt: 0.0>]>", "clientId": {"$oid": "664d06efbb8ccd6879cb543b"}}
2024-05-21 23:41:32 [pymongo.serverSelection] DEBUG: {"message": "Server selection succeeded", "selector": "<function writable_server_selector at 0x000001FEE687F7F0>", "operation": "insert", "topologyDescription": "<TopologyDescription id: 664d06efbb8ccd6879cb543b, topology_type: Single, servers: [<ServerDescription ('localhost', 27017) server_type: Standalone, rtt: 0.0>]>", "clientId": {"$oid": "664d06efbb8ccd6879cb543b"}, "serverHost": "localhost", "serverPort": 27017}
2024-05-21 23:41:32 [pymongo.command] DEBUG: {"clientId": {"$oid": "664d06efbb8ccd6879cb543b"}, "message": "Command started", "command": "{\"insert\": \"prices\", \"ordered\": true, \"lsid\": {\"id\": {\"$binary\": {\"base64\": \"xuqQwwLgQgSG+qo5SNbL5g==\", \"subType\": \"04\"}}}, \"$db\": \"aqarmapRealEstate\", \"documents\": [{\"price\": \"25000\", \"_id\": {\"$oid\": \"664d06fcbb8ccd6879cb5447\"}}]}", "commandName": "insert", "databaseName": "aqarmapRealEstate", "requestId": 29330, "operationId": 29330, "driverConnectionId": 1, "serverConnectionId": 27, "serverHost": "localhost", "serverPort": 27017}
2024-05-21 23:41:32 [pymongo.command] DEBUG: {"clientId": {"$oid": "664d06efbb8ccd6879cb543b"}, "message": "Command succeeded", "durationMS": 0.0, "reply": "{\"n\": 1, \"ok\": 1.0}", "commandName": "insert", "databaseName": "aqarmapRealEstate", "requestId": 29330, "operationId": 29330, "driverConnectionId": 1, "serverConnectionId": 27, "serverHost": "localhost", "serverPort": 27017}
2024-05-21 23:41:32 [scrapy.core.scraper] ERROR: Error processing {'price': '25000'}
Traceback (most recent call last):
  File "C:\Users\Karim\AppData\Local\Programs\Python\Python310\lib\site-packages\twisted\internet\defer.py", line 1078, in _runCallbacks
    current.result = callback(  # type: ignore[misc]
  File "C:\Users\Karim\AppData\Local\Programs\Python\Python310\lib\site-packages\scrapy\utils\defer.py", line 340, in f
    return deferred_from_coro(coro_f(*coro_args, **coro_kwargs))
  File "C:\Users\Karim\Desktop\Projects\Real Estate Data Averages\properties\properties\pipelines.py", line 46, in process_item
    logger.debug("Price added to MongoDB database!", spider=spider)
  File "C:\Users\Karim\AppData\Local\Programs\Python\Python310\lib\logging\__init__.py", line 1465, in debug
    self._log(DEBUG, msg, args, **kwargs)
TypeError: Logger._log() got an unexpected keyword argument 'spider'
2024-05-21 23:41:32 [pymongo.serverSelection] DEBUG: {"message": "Server selection started", "selector": "<function writable_server_selector at 0x000001FEE687F7F0>", "operation": "insert", "topologyDescription": "<TopologyDescription id: 664d06efbb8ccd6879cb543b, topology_type: Single, servers: [<ServerDescription ('localhost', 27017) server_type: Standalone, rtt: 0.0>]>", "clientId": {"$oid": "664d06efbb8ccd6879cb543b"}}
2024-05-21 23:41:32 [pymongo.serverSelection] DEBUG: {"message": "Server selection succeeded", "selector": "<function writable_server_selector at 0x000001FEE687F7F0>", "operation": "insert", "topologyDescription": "<TopologyDescription id: 664d06efbb8ccd6879cb543b, topology_type: Single, servers: [<ServerDescription ('localhost', 27017) server_type: Standalone, rtt: 0.0>]>", "clientId": {"$oid": "664d06efbb8ccd6879cb543b"}, "serverHost": "localhost", "serverPort": 27017}
2024-05-21 23:41:32 [pymongo.command] DEBUG: {"clientId": {"$oid": "664d06efbb8ccd6879cb543b"}, "message": "Command started", "command": "{\"insert\": \"prices\", \"ordered\": true, \"lsid\": {\"id\": {\"$binary\": {\"base64\": \"xuqQwwLgQgSG+qo5SNbL5g==\", \"subType\": \"04\"}}}, \"$db\": \"aqarmapRealEstate\", \"documents\": [{\"price\": \"40000\", \"_id\": {\"$oid\": \"664d06fcbb8ccd6879cb5448\"}}]}", "commandName": "insert", "databaseName": "aqarmapRealEstate", "requestId": 23061, "operationId": 23061, "driverConnectionId": 1, "serverConnectionId": 27, "serverHost": "localhost", "serverPort": 27017}
2024-05-21 23:41:32 [pymongo.command] DEBUG: {"clientId": {"$oid": "664d06efbb8ccd6879cb543b"}, "message": "Command succeeded", "durationMS": 0.0, "reply": "{\"n\": 1, \"ok\": 1.0}", "commandName": "insert", "databaseName": "aqarmapRealEstate", "requestId": 23061, "operationId": 23061, "driverConnectionId": 1, "serverConnectionId": 27, "serverHost": "localhost", "serverPort": 27017}
2024-05-21 23:41:32 [scrapy.core.scraper] ERROR: Error processing {'price': '40000'}
Traceback (most recent call last):
  File "C:\Users\Karim\AppData\Local\Programs\Python\Python310\lib\site-packages\twisted\internet\defer.py", line 1078, in _runCallbacks
    current.result = callback(  # type: ignore[misc]
  File "C:\Users\Karim\AppData\Local\Programs\Python\Python310\lib\site-packages\scrapy\utils\defer.py", line 340, in f
    return deferred_from_coro(coro_f(*coro_args, **coro_kwargs))
  File "C:\Users\Karim\Desktop\Projects\Real Estate Data Averages\properties\properties\pipelines.py", line 46, in process_item
    logger.debug("Price added to MongoDB database!", spider=spider)
  File "C:\Users\Karim\AppData\Local\Programs\Python\Python310\lib\logging\__init__.py", line 1465, in debug
    self._log(DEBUG, msg, args, **kwargs)
TypeError: Logger._log() got an unexpected keyword argument 'spider'
2024-05-21 23:41:32 [pymongo.serverSelection] DEBUG: {"message": "Server selection started", "selector": "<function writable_server_selector at 0x000001FEE687F7F0>", "operation": "insert", "topologyDescription": "<TopologyDescription id: 664d06efbb8ccd6879cb543b, topology_type: Single, servers: [<ServerDescription ('localhost', 27017) server_type: Standalone, rtt: 0.0>]>", "clientId": {"$oid": "664d06efbb8ccd6879cb543b"}}
2024-05-21 23:41:32 [pymongo.serverSelection] DEBUG: {"message": "Server selection succeeded", "selector": "<function writable_server_selector at 0x000001FEE687F7F0>", "operation": "insert", "topologyDescription": "<TopologyDescription id: 664d06efbb8ccd6879cb543b, topology_type: Single, servers: [<ServerDescription ('localhost', 27017) server_type: Standalone, rtt: 0.0>]>", "clientId": {"$oid": "664d06efbb8ccd6879cb543b"}, "serverHost": "localhost", "serverPort": 27017}
2024-05-21 23:41:32 [pymongo.command] DEBUG: {"clientId": {"$oid": "664d06efbb8ccd6879cb543b"}, "message": "Command started", "command": "{\"insert\": \"prices\", \"ordered\": true, \"lsid\": {\"id\": {\"$binary\": {\"base64\": \"xuqQwwLgQgSG+qo5SNbL5g==\", \"subType\": \"04\"}}}, \"$db\": \"aqarmapRealEstate\", \"documents\": [{\"price\": \"30000\", \"_id\": {\"$oid\": \"664d06fcbb8ccd6879cb5449\"}}]}", "commandName": "insert", "databaseName": "aqarmapRealEstate", "requestId": 6827, "operationId": 6827, "driverConnectionId": 1, "serverConnectionId": 27, "serverHost": "localhost", "serverPort": 27017}
2024-05-21 23:41:32 [pymongo.command] DEBUG: {"clientId": {"$oid": "664d06efbb8ccd6879cb543b"}, "message": "Command succeeded", "durationMS": 0.9959999999999999, "reply": "{\"n\": 1, \"ok\": 1.0}", "commandName": "insert", "databaseName": "aqarmapRealEstate", "requestId": 6827, "operationId": 6827, "driverConnectionId": 1, "serverConnectionId": 27, "serverHost": "localhost", "serverPort": 27017}
2024-05-21 23:41:32 [scrapy.core.scraper] ERROR: Error processing {'price': '30000'}
Traceback (most recent call last):
  File "C:\Users\Karim\AppData\Local\Programs\Python\Python310\lib\site-packages\twisted\internet\defer.py", line 1078, in _runCallbacks
    current.result = callback(  # type: ignore[misc]
  File "C:\Users\Karim\AppData\Local\Programs\Python\Python310\lib\site-packages\scrapy\utils\defer.py", line 340, in f
    return deferred_from_coro(coro_f(*coro_args, **coro_kwargs))
  File "C:\Users\Karim\Desktop\Projects\Real Estate Data Averages\properties\properties\pipelines.py", line 46, in process_item
    logger.debug("Price added to MongoDB database!", spider=spider)
  File "C:\Users\Karim\AppData\Local\Programs\Python\Python310\lib\logging\__init__.py", line 1465, in debug
    self._log(DEBUG, msg, args, **kwargs)
TypeError: Logger._log() got an unexpected keyword argument 'spider'
2024-05-21 23:41:32 [pymongo.serverSelection] DEBUG: {"message": "Server selection started", "selector": "<function writable_server_selector at 0x000001FEE687F7F0>", "operation": "insert", "topologyDescription": "<TopologyDescription id: 664d06efbb8ccd6879cb543b, topology_type: Single, servers: [<ServerDescription ('localhost', 27017) server_type: Standalone, rtt: 0.0>]>", "clientId": {"$oid": "664d06efbb8ccd6879cb543b"}}
2024-05-21 23:41:32 [pymongo.serverSelection] DEBUG: {"message": "Server selection succeeded", "selector": "<function writable_server_selector at 0x000001FEE687F7F0>", "operation": "insert", "topologyDescription": "<TopologyDescription id: 664d06efbb8ccd6879cb543b, topology_type: Single, servers: [<ServerDescription ('localhost', 27017) server_type: Standalone, rtt: 0.0>]>", "clientId": {"$oid": "664d06efbb8ccd6879cb543b"}, "serverHost": "localhost", "serverPort": 27017}
2024-05-21 23:41:32 [pymongo.command] DEBUG: {"clientId": {"$oid": "664d06efbb8ccd6879cb543b"}, "message": "Command started", "command": "{\"insert\": \"prices\", \"ordered\": true, \"lsid\": {\"id\": {\"$binary\": {\"base64\": \"xuqQwwLgQgSG+qo5SNbL5g==\", \"subType\": \"04\"}}}, \"$db\": \"aqarmapRealEstate\", \"documents\": [{\"price\": \"30000\", \"_id\": {\"$oid\": \"664d06fcbb8ccd6879cb544a\"}}]}", "commandName": "insert", "databaseName": "aqarmapRealEstate", "requestId": 211, "operationId": 211, "driverConnectionId": 1, "serverConnectionId": 27, "serverHost": "localhost", "serverPort": 27017}
2024-05-21 23:41:32 [pymongo.command] DEBUG: {"clientId": {"$oid": "664d06efbb8ccd6879cb543b"}, "message": "Command succeeded", "durationMS": 0.9970000000000001, "reply": "{\"n\": 1, \"ok\": 1.0}", "commandName": "insert", "databaseName": "aqarmapRealEstate", "requestId": 211, "operationId": 211, "driverConnectionId": 1, "serverConnectionId": 27, "serverHost": "localhost", "serverPort": 27017}
2024-05-21 23:41:32 [scrapy.core.scraper] ERROR: Error processing {'price': '30000'}
Traceback (most recent call last):
  File "C:\Users\Karim\AppData\Local\Programs\Python\Python310\lib\site-packages\twisted\internet\defer.py", line 1078, in _runCallbacks
    current.result = callback(  # type: ignore[misc]
  File "C:\Users\Karim\AppData\Local\Programs\Python\Python310\lib\site-packages\scrapy\utils\defer.py", line 340, in f
    return deferred_from_coro(coro_f(*coro_args, **coro_kwargs))
  File "C:\Users\Karim\Desktop\Projects\Real Estate Data Averages\properties\properties\pipelines.py", line 46, in process_item
    logger.debug("Price added to MongoDB database!", spider=spider)
  File "C:\Users\Karim\AppData\Local\Programs\Python\Python310\lib\logging\__init__.py", line 1465, in debug
    self._log(DEBUG, msg, args, **kwargs)
TypeError: Logger._log() got an unexpected keyword argument 'spider'
2024-05-21 23:41:32 [pymongo.serverSelection] DEBUG: {"message": "Server selection started", "selector": "<function writable_server_selector at 0x000001FEE687F7F0>", "operation": "insert", "topologyDescription": "<TopologyDescription id: 664d06efbb8ccd6879cb543b, topology_type: Single, servers: [<ServerDescription ('localhost', 27017) server_type: Standalone, rtt: 0.0>]>", "clientId": {"$oid": "664d06efbb8ccd6879cb543b"}}
2024-05-21 23:41:32 [pymongo.serverSelection] DEBUG: {"message": "Server selection succeeded", "selector": "<function writable_server_selector at 0x000001FEE687F7F0>", "operation": "insert", "topologyDescription": "<TopologyDescription id: 664d06efbb8ccd6879cb543b, topology_type: Single, servers: [<ServerDescription ('localhost', 27017) server_type: Standalone, rtt: 0.0>]>", "clientId": {"$oid": "664d06efbb8ccd6879cb543b"}, "serverHost": "localhost", "serverPort": 27017}
2024-05-21 23:41:32 [pymongo.command] DEBUG: {"clientId": {"$oid": "664d06efbb8ccd6879cb543b"}, "message": "Command started", "command": "{\"insert\": \"prices\", \"ordered\": true, \"lsid\": {\"id\": {\"$binary\": {\"base64\": \"xuqQwwLgQgSG+qo5SNbL5g==\", \"subType\": \"04\"}}}, \"$db\": \"aqarmapRealEstate\", \"documents\": [{\"price\": \"35000\", \"_id\": {\"$oid\": \"664d06fcbb8ccd6879cb544b\"}}]}", "commandName": "insert", "databaseName": "aqarmapRealEstate", "requestId": 32035, "operationId": 32035, "driverConnectionId": 1, "serverConnectionId": 27, "serverHost": "localhost", "serverPort": 27017}
2024-05-21 23:41:32 [pymongo.command] DEBUG: {"clientId": {"$oid": "664d06efbb8ccd6879cb543b"}, "message": "Command succeeded", "durationMS": 0.0, "reply": "{\"n\": 1, \"ok\": 1.0}", "commandName": "insert", "databaseName": "aqarmapRealEstate", "requestId": 32035, "operationId": 32035, "driverConnectionId": 1, "serverConnectionId": 27, "serverHost": "localhost", "serverPort": 27017}
2024-05-21 23:41:32 [scrapy.core.scraper] ERROR: Error processing {'price': '35000'}
Traceback (most recent call last):
  File "C:\Users\Karim\AppData\Local\Programs\Python\Python310\lib\site-packages\twisted\internet\defer.py", line 1078, in _runCallbacks
    current.result = callback(  # type: ignore[misc]
  File "C:\Users\Karim\AppData\Local\Programs\Python\Python310\lib\site-packages\scrapy\utils\defer.py", line 340, in f
    return deferred_from_coro(coro_f(*coro_args, **coro_kwargs))
  File "C:\Users\Karim\Desktop\Projects\Real Estate Data Averages\properties\properties\pipelines.py", line 46, in process_item
    logger.debug("Price added to MongoDB database!", spider=spider)
  File "C:\Users\Karim\AppData\Local\Programs\Python\Python310\lib\logging\__init__.py", line 1465, in debug
    self._log(DEBUG, msg, args, **kwargs)
TypeError: Logger._log() got an unexpected keyword argument 'spider'
2024-05-21 23:41:32 [pymongo.serverSelection] DEBUG: {"message": "Server selection started", "selector": "<function writable_server_selector at 0x000001FEE687F7F0>", "operation": "insert", "topologyDescription": "<TopologyDescription id: 664d06efbb8ccd6879cb543b, topology_type: Single, servers: [<ServerDescription ('localhost', 27017) server_type: Standalone, rtt: 0.0>]>", "clientId": {"$oid": "664d06efbb8ccd6879cb543b"}}
2024-05-21 23:41:32 [pymongo.serverSelection] DEBUG: {"message": "Server selection succeeded", "selector": "<function writable_server_selector at 0x000001FEE687F7F0>", "operation": "insert", "topologyDescription": "<TopologyDescription id: 664d06efbb8ccd6879cb543b, topology_type: Single, servers: [<ServerDescription ('localhost', 27017) server_type: Standalone, rtt: 0.0>]>", "clientId": {"$oid": "664d06efbb8ccd6879cb543b"}, "serverHost": "localhost", "serverPort": 27017}
2024-05-21 23:41:32 [pymongo.command] DEBUG: {"clientId": {"$oid": "664d06efbb8ccd6879cb543b"}, "message": "Command started", "command": "{\"insert\": \"prices\", \"ordered\": true, \"lsid\": {\"id\": {\"$binary\": {\"base64\": \"xuqQwwLgQgSG+qo5SNbL5g==\", \"subType\": \"04\"}}}, \"$db\": \"aqarmapRealEstate\", \"documents\": [{\"price\": \"22000\", \"_id\": {\"$oid\": \"664d06fcbb8ccd6879cb544c\"}}]}", "commandName": "insert", "databaseName": "aqarmapRealEstate", "requestId": 18427, "operationId": 18427, "driverConnectionId": 1, "serverConnectionId": 27, "serverHost": "localhost", "serverPort": 27017}
2024-05-21 23:41:32 [pymongo.command] DEBUG: {"clientId": {"$oid": "664d06efbb8ccd6879cb543b"}, "message": "Command succeeded", "durationMS": 0.9959999999999999, "reply": "{\"n\": 1, \"ok\": 1.0}", "commandName": "insert", "databaseName": "aqarmapRealEstate", "requestId": 18427, "operationId": 18427, "driverConnectionId": 1, "serverConnectionId": 27, "serverHost": "localhost", "serverPort": 27017}
2024-05-21 23:41:32 [scrapy.core.scraper] ERROR: Error processing {'price': '22000'}
Traceback (most recent call last):
  File "C:\Users\Karim\AppData\Local\Programs\Python\Python310\lib\site-packages\twisted\internet\defer.py", line 1078, in _runCallbacks
    current.result = callback(  # type: ignore[misc]
  File "C:\Users\Karim\AppData\Local\Programs\Python\Python310\lib\site-packages\scrapy\utils\defer.py", line 340, in f
    return deferred_from_coro(coro_f(*coro_args, **coro_kwargs))
  File "C:\Users\Karim\Desktop\Projects\Real Estate Data Averages\properties\properties\pipelines.py", line 46, in process_item
    logger.debug("Price added to MongoDB database!", spider=spider)
  File "C:\Users\Karim\AppData\Local\Programs\Python\Python310\lib\logging\__init__.py", line 1465, in debug
    self._log(DEBUG, msg, args, **kwargs)
TypeError: Logger._log() got an unexpected keyword argument 'spider'
2024-05-21 23:41:32 [pymongo.serverSelection] DEBUG: {"message": "Server selection started", "selector": "<function writable_server_selector at 0x000001FEE687F7F0>", "operation": "insert", "topologyDescription": "<TopologyDescription id: 664d06efbb8ccd6879cb543b, topology_type: Single, servers: [<ServerDescription ('localhost', 27017) server_type: Standalone, rtt: 0.0>]>", "clientId": {"$oid": "664d06efbb8ccd6879cb543b"}}
2024-05-21 23:41:32 [pymongo.serverSelection] DEBUG: {"message": "Server selection succeeded", "selector": "<function writable_server_selector at 0x000001FEE687F7F0>", "operation": "insert", "topologyDescription": "<TopologyDescription id: 664d06efbb8ccd6879cb543b, topology_type: Single, servers: [<ServerDescription ('localhost', 27017) server_type: Standalone, rtt: 0.0>]>", "clientId": {"$oid": "664d06efbb8ccd6879cb543b"}, "serverHost": "localhost", "serverPort": 27017}
2024-05-21 23:41:32 [pymongo.command] DEBUG: {"clientId": {"$oid": "664d06efbb8ccd6879cb543b"}, "message": "Command started", "command": "{\"insert\": \"prices\", \"ordered\": true, \"lsid\": {\"id\": {\"$binary\": {\"base64\": \"xuqQwwLgQgSG+qo5SNbL5g==\", \"subType\": \"04\"}}}, \"$db\": \"aqarmapRealEstate\", \"documents\": [{\"price\": \"40000\", \"_id\": {\"$oid\": \"664d06fcbb8ccd6879cb544d\"}}]}", "commandName": "insert", "databaseName": "aqarmapRealEstate", "requestId": 23863, "operationId": 23863, "driverConnectionId": 1, "serverConnectionId": 27, "serverHost": "localhost", "serverPort": 27017}
2024-05-21 23:41:32 [pymongo.command] DEBUG: {"clientId": {"$oid": "664d06efbb8ccd6879cb543b"}, "message": "Command succeeded", "durationMS": 0.9970000000000001, "reply": "{\"n\": 1, \"ok\": 1.0}", "commandName": "insert", "databaseName": "aqarmapRealEstate", "requestId": 23863, "operationId": 23863, "driverConnectionId": 1, "serverConnectionId": 27, "serverHost": "localhost", "serverPort": 27017}
2024-05-21 23:41:32 [scrapy.core.scraper] ERROR: Error processing {'price': '40000'}
Traceback (most recent call last):
  File "C:\Users\Karim\AppData\Local\Programs\Python\Python310\lib\site-packages\twisted\internet\defer.py", line 1078, in _runCallbacks
    current.result = callback(  # type: ignore[misc]
  File "C:\Users\Karim\AppData\Local\Programs\Python\Python310\lib\site-packages\scrapy\utils\defer.py", line 340, in f
    return deferred_from_coro(coro_f(*coro_args, **coro_kwargs))
  File "C:\Users\Karim\Desktop\Projects\Real Estate Data Averages\properties\properties\pipelines.py", line 46, in process_item
    logger.debug("Price added to MongoDB database!", spider=spider)
  File "C:\Users\Karim\AppData\Local\Programs\Python\Python310\lib\logging\__init__.py", line 1465, in debug
    self._log(DEBUG, msg, args, **kwargs)
TypeError: Logger._log() got an unexpected keyword argument 'spider'
2024-05-21 23:41:32 [pymongo.serverSelection] DEBUG: {"message": "Server selection started", "selector": "<function writable_server_selector at 0x000001FEE687F7F0>", "operation": "insert", "topologyDescription": "<TopologyDescription id: 664d06efbb8ccd6879cb543b, topology_type: Single, servers: [<ServerDescription ('localhost', 27017) server_type: Standalone, rtt: 0.0>]>", "clientId": {"$oid": "664d06efbb8ccd6879cb543b"}}
2024-05-21 23:41:32 [pymongo.serverSelection] DEBUG: {"message": "Server selection succeeded", "selector": "<function writable_server_selector at 0x000001FEE687F7F0>", "operation": "insert", "topologyDescription": "<TopologyDescription id: 664d06efbb8ccd6879cb543b, topology_type: Single, servers: [<ServerDescription ('localhost', 27017) server_type: Standalone, rtt: 0.0>]>", "clientId": {"$oid": "664d06efbb8ccd6879cb543b"}, "serverHost": "localhost", "serverPort": 27017}
2024-05-21 23:41:32 [pymongo.command] DEBUG: {"clientId": {"$oid": "664d06efbb8ccd6879cb543b"}, "message": "Command started", "command": "{\"insert\": \"prices\", \"ordered\": true, \"lsid\": {\"id\": {\"$binary\": {\"base64\": \"xuqQwwLgQgSG+qo5SNbL5g==\", \"subType\": \"04\"}}}, \"$db\": \"aqarmapRealEstate\", \"documents\": [{\"price\": \"40000\", \"_id\": {\"$oid\": \"664d06fcbb8ccd6879cb544e\"}}]}", "commandName": "insert", "databaseName": "aqarmapRealEstate", "requestId": 12946, "operationId": 12946, "driverConnectionId": 1, "serverConnectionId": 27, "serverHost": "localhost", "serverPort": 27017}
2024-05-21 23:41:32 [pymongo.command] DEBUG: {"clientId": {"$oid": "664d06efbb8ccd6879cb543b"}, "message": "Command succeeded", "durationMS": 0.0, "reply": "{\"n\": 1, \"ok\": 1.0}", "commandName": "insert", "databaseName": "aqarmapRealEstate", "requestId": 12946, "operationId": 12946, "driverConnectionId": 1, "serverConnectionId": 27, "serverHost": "localhost", "serverPort": 27017}
2024-05-21 23:41:32 [scrapy.core.scraper] ERROR: Error processing {'price': '40000'}
Traceback (most recent call last):
  File "C:\Users\Karim\AppData\Local\Programs\Python\Python310\lib\site-packages\twisted\internet\defer.py", line 1078, in _runCallbacks
    current.result = callback(  # type: ignore[misc]
  File "C:\Users\Karim\AppData\Local\Programs\Python\Python310\lib\site-packages\scrapy\utils\defer.py", line 340, in f
    return deferred_from_coro(coro_f(*coro_args, **coro_kwargs))
  File "C:\Users\Karim\Desktop\Projects\Real Estate Data Averages\properties\properties\pipelines.py", line 46, in process_item
    logger.debug("Price added to MongoDB database!", spider=spider)
  File "C:\Users\Karim\AppData\Local\Programs\Python\Python310\lib\logging\__init__.py", line 1465, in debug
    self._log(DEBUG, msg, args, **kwargs)
TypeError: Logger._log() got an unexpected keyword argument 'spider'
2024-05-21 23:41:32 [pymongo.serverSelection] DEBUG: {"message": "Server selection started", "selector": "<function writable_server_selector at 0x000001FEE687F7F0>", "operation": "insert", "topologyDescription": "<TopologyDescription id: 664d06efbb8ccd6879cb543b, topology_type: Single, servers: [<ServerDescription ('localhost', 27017) server_type: Standalone, rtt: 0.0>]>", "clientId": {"$oid": "664d06efbb8ccd6879cb543b"}}
2024-05-21 23:41:32 [pymongo.serverSelection] DEBUG: {"message": "Server selection succeeded", "selector": "<function writable_server_selector at 0x000001FEE687F7F0>", "operation": "insert", "topologyDescription": "<TopologyDescription id: 664d06efbb8ccd6879cb543b, topology_type: Single, servers: [<ServerDescription ('localhost', 27017) server_type: Standalone, rtt: 0.0>]>", "clientId": {"$oid": "664d06efbb8ccd6879cb543b"}, "serverHost": "localhost", "serverPort": 27017}
2024-05-21 23:41:32 [pymongo.command] DEBUG: {"clientId": {"$oid": "664d06efbb8ccd6879cb543b"}, "message": "Command started", "command": "{\"insert\": \"prices\", \"ordered\": true, \"lsid\": {\"id\": {\"$binary\": {\"base64\": \"xuqQwwLgQgSG+qo5SNbL5g==\", \"subType\": \"04\"}}}, \"$db\": \"aqarmapRealEstate\", \"documents\": [{\"price\": \"40000\", \"_id\": {\"$oid\": \"664d06fcbb8ccd6879cb544f\"}}]}", "commandName": "insert", "databaseName": "aqarmapRealEstate", "requestId": 2606, "operationId": 2606, "driverConnectionId": 1, "serverConnectionId": 27, "serverHost": "localhost", "serverPort": 27017}
2024-05-21 23:41:32 [pymongo.command] DEBUG: {"clientId": {"$oid": "664d06efbb8ccd6879cb543b"}, "message": "Command succeeded", "durationMS": 0.9970000000000001, "reply": "{\"n\": 1, \"ok\": 1.0}", "commandName": "insert", "databaseName": "aqarmapRealEstate", "requestId": 2606, "operationId": 2606, "driverConnectionId": 1, "serverConnectionId": 27, "serverHost": "localhost", "serverPort": 27017}
2024-05-21 23:41:32 [scrapy.core.scraper] ERROR: Error processing {'price': '40000'}
Traceback (most recent call last):
  File "C:\Users\Karim\AppData\Local\Programs\Python\Python310\lib\site-packages\twisted\internet\defer.py", line 1078, in _runCallbacks
    current.result = callback(  # type: ignore[misc]
  File "C:\Users\Karim\AppData\Local\Programs\Python\Python310\lib\site-packages\scrapy\utils\defer.py", line 340, in f
    return deferred_from_coro(coro_f(*coro_args, **coro_kwargs))
  File "C:\Users\Karim\Desktop\Projects\Real Estate Data Averages\properties\properties\pipelines.py", line 46, in process_item
    logger.debug("Price added to MongoDB database!", spider=spider)
  File "C:\Users\Karim\AppData\Local\Programs\Python\Python310\lib\logging\__init__.py", line 1465, in debug
    self._log(DEBUG, msg, args, **kwargs)
TypeError: Logger._log() got an unexpected keyword argument 'spider'
2024-05-21 23:41:32 [pymongo.serverSelection] DEBUG: {"message": "Server selection started", "selector": "<function writable_server_selector at 0x000001FEE687F7F0>", "operation": "insert", "topologyDescription": "<TopologyDescription id: 664d06efbb8ccd6879cb543b, topology_type: Single, servers: [<ServerDescription ('localhost', 27017) server_type: Standalone, rtt: 0.0>]>", "clientId": {"$oid": "664d06efbb8ccd6879cb543b"}}
2024-05-21 23:41:32 [pymongo.serverSelection] DEBUG: {"message": "Server selection succeeded", "selector": "<function writable_server_selector at 0x000001FEE687F7F0>", "operation": "insert", "topologyDescription": "<TopologyDescription id: 664d06efbb8ccd6879cb543b, topology_type: Single, servers: [<ServerDescription ('localhost', 27017) server_type: Standalone, rtt: 0.0>]>", "clientId": {"$oid": "664d06efbb8ccd6879cb543b"}, "serverHost": "localhost", "serverPort": 27017}
2024-05-21 23:41:32 [pymongo.command] DEBUG: {"clientId": {"$oid": "664d06efbb8ccd6879cb543b"}, "message": "Command started", "command": "{\"insert\": \"prices\", \"ordered\": true, \"lsid\": {\"id\": {\"$binary\": {\"base64\": \"xuqQwwLgQgSG+qo5SNbL5g==\", \"subType\": \"04\"}}}, \"$db\": \"aqarmapRealEstate\", \"documents\": [{\"price\": \"33000\", \"_id\": {\"$oid\": \"664d06fcbb8ccd6879cb5450\"}}]}", "commandName": "insert", "databaseName": "aqarmapRealEstate", "requestId": 31624, "operationId": 31624, "driverConnectionId": 1, "serverConnectionId": 27, "serverHost": "localhost", "serverPort": 27017}
2024-05-21 23:41:32 [pymongo.command] DEBUG: {"clientId": {"$oid": "664d06efbb8ccd6879cb543b"}, "message": "Command succeeded", "durationMS": 0.9959999999999999, "reply": "{\"n\": 1, \"ok\": 1.0}", "commandName": "insert", "databaseName": "aqarmapRealEstate", "requestId": 31624, "operationId": 31624, "driverConnectionId": 1, "serverConnectionId": 27, "serverHost": "localhost", "serverPort": 27017}
2024-05-21 23:41:32 [scrapy.core.scraper] ERROR: Error processing {'price': '33000'}
Traceback (most recent call last):
  File "C:\Users\Karim\AppData\Local\Programs\Python\Python310\lib\site-packages\twisted\internet\defer.py", line 1078, in _runCallbacks
    current.result = callback(  # type: ignore[misc]
  File "C:\Users\Karim\AppData\Local\Programs\Python\Python310\lib\site-packages\scrapy\utils\defer.py", line 340, in f
    return deferred_from_coro(coro_f(*coro_args, **coro_kwargs))
  File "C:\Users\Karim\Desktop\Projects\Real Estate Data Averages\properties\properties\pipelines.py", line 46, in process_item
    logger.debug("Price added to MongoDB database!", spider=spider)
  File "C:\Users\Karim\AppData\Local\Programs\Python\Python310\lib\logging\__init__.py", line 1465, in debug
    self._log(DEBUG, msg, args, **kwargs)
TypeError: Logger._log() got an unexpected keyword argument 'spider'
2024-05-21 23:41:32 [pymongo.serverSelection] DEBUG: {"message": "Server selection started", "selector": "<function writable_server_selector at 0x000001FEE687F7F0>", "operation": "insert", "topologyDescription": "<TopologyDescription id: 664d06efbb8ccd6879cb543b, topology_type: Single, servers: [<ServerDescription ('localhost', 27017) server_type: Standalone, rtt: 0.0>]>", "clientId": {"$oid": "664d06efbb8ccd6879cb543b"}}
2024-05-21 23:41:32 [pymongo.serverSelection] DEBUG: {"message": "Server selection succeeded", "selector": "<function writable_server_selector at 0x000001FEE687F7F0>", "operation": "insert", "topologyDescription": "<TopologyDescription id: 664d06efbb8ccd6879cb543b, topology_type: Single, servers: [<ServerDescription ('localhost', 27017) server_type: Standalone, rtt: 0.0>]>", "clientId": {"$oid": "664d06efbb8ccd6879cb543b"}, "serverHost": "localhost", "serverPort": 27017}
2024-05-21 23:41:32 [pymongo.command] DEBUG: {"clientId": {"$oid": "664d06efbb8ccd6879cb543b"}, "message": "Command started", "command": "{\"insert\": \"prices\", \"ordered\": true, \"lsid\": {\"id\": {\"$binary\": {\"base64\": \"xuqQwwLgQgSG+qo5SNbL5g==\", \"subType\": \"04\"}}}, \"$db\": \"aqarmapRealEstate\", \"documents\": [{\"price\": \"55000\", \"_id\": {\"$oid\": \"664d06fcbb8ccd6879cb5451\"}}]}", "commandName": "insert", "databaseName": "aqarmapRealEstate", "requestId": 22758, "operationId": 22758, "driverConnectionId": 1, "serverConnectionId": 27, "serverHost": "localhost", "serverPort": 27017}
2024-05-21 23:41:32 [pymongo.command] DEBUG: {"clientId": {"$oid": "664d06efbb8ccd6879cb543b"}, "message": "Command succeeded", "durationMS": 0.0, "reply": "{\"n\": 1, \"ok\": 1.0}", "commandName": "insert", "databaseName": "aqarmapRealEstate", "requestId": 22758, "operationId": 22758, "driverConnectionId": 1, "serverConnectionId": 27, "serverHost": "localhost", "serverPort": 27017}
2024-05-21 23:41:32 [scrapy.core.scraper] ERROR: Error processing {'price': '55000'}
Traceback (most recent call last):
  File "C:\Users\Karim\AppData\Local\Programs\Python\Python310\lib\site-packages\twisted\internet\defer.py", line 1078, in _runCallbacks
    current.result = callback(  # type: ignore[misc]
  File "C:\Users\Karim\AppData\Local\Programs\Python\Python310\lib\site-packages\scrapy\utils\defer.py", line 340, in f
    return deferred_from_coro(coro_f(*coro_args, **coro_kwargs))
  File "C:\Users\Karim\Desktop\Projects\Real Estate Data Averages\properties\properties\pipelines.py", line 46, in process_item
    logger.debug("Price added to MongoDB database!", spider=spider)
  File "C:\Users\Karim\AppData\Local\Programs\Python\Python310\lib\logging\__init__.py", line 1465, in debug
    self._log(DEBUG, msg, args, **kwargs)
TypeError: Logger._log() got an unexpected keyword argument 'spider'
2024-05-21 23:41:32 [pymongo.serverSelection] DEBUG: {"message": "Server selection started", "selector": "<function writable_server_selector at 0x000001FEE687F7F0>", "operation": "insert", "topologyDescription": "<TopologyDescription id: 664d06efbb8ccd6879cb543b, topology_type: Single, servers: [<ServerDescription ('localhost', 27017) server_type: Standalone, rtt: 0.0>]>", "clientId": {"$oid": "664d06efbb8ccd6879cb543b"}}
2024-05-21 23:41:32 [pymongo.serverSelection] DEBUG: {"message": "Server selection succeeded", "selector": "<function writable_server_selector at 0x000001FEE687F7F0>", "operation": "insert", "topologyDescription": "<TopologyDescription id: 664d06efbb8ccd6879cb543b, topology_type: Single, servers: [<ServerDescription ('localhost', 27017) server_type: Standalone, rtt: 0.0>]>", "clientId": {"$oid": "664d06efbb8ccd6879cb543b"}, "serverHost": "localhost", "serverPort": 27017}
2024-05-21 23:41:32 [pymongo.command] DEBUG: {"clientId": {"$oid": "664d06efbb8ccd6879cb543b"}, "message": "Command started", "command": "{\"insert\": \"prices\", \"ordered\": true, \"lsid\": {\"id\": {\"$binary\": {\"base64\": \"xuqQwwLgQgSG+qo5SNbL5g==\", \"subType\": \"04\"}}}, \"$db\": \"aqarmapRealEstate\", \"documents\": [{\"price\": \"30000\", \"_id\": {\"$oid\": \"664d06fcbb8ccd6879cb5452\"}}]}", "commandName": "insert", "databaseName": "aqarmapRealEstate", "requestId": 16008, "operationId": 16008, "driverConnectionId": 1, "serverConnectionId": 27, "serverHost": "localhost", "serverPort": 27017}
2024-05-21 23:41:32 [pymongo.command] DEBUG: {"clientId": {"$oid": "664d06efbb8ccd6879cb543b"}, "message": "Command succeeded", "durationMS": 0.0, "reply": "{\"n\": 1, \"ok\": 1.0}", "commandName": "insert", "databaseName": "aqarmapRealEstate", "requestId": 16008, "operationId": 16008, "driverConnectionId": 1, "serverConnectionId": 27, "serverHost": "localhost", "serverPort": 27017}
2024-05-21 23:41:32 [scrapy.core.scraper] ERROR: Error processing {'price': '30000'}
Traceback (most recent call last):
  File "C:\Users\Karim\AppData\Local\Programs\Python\Python310\lib\site-packages\twisted\internet\defer.py", line 1078, in _runCallbacks
    current.result = callback(  # type: ignore[misc]
  File "C:\Users\Karim\AppData\Local\Programs\Python\Python310\lib\site-packages\scrapy\utils\defer.py", line 340, in f
    return deferred_from_coro(coro_f(*coro_args, **coro_kwargs))
  File "C:\Users\Karim\Desktop\Projects\Real Estate Data Averages\properties\properties\pipelines.py", line 46, in process_item
    logger.debug("Price added to MongoDB database!", spider=spider)
  File "C:\Users\Karim\AppData\Local\Programs\Python\Python310\lib\logging\__init__.py", line 1465, in debug
    self._log(DEBUG, msg, args, **kwargs)
TypeError: Logger._log() got an unexpected keyword argument 'spider'
2024-05-21 23:41:32 [pymongo.serverSelection] DEBUG: {"message": "Server selection started", "selector": "<function writable_server_selector at 0x000001FEE687F7F0>", "operation": "insert", "topologyDescription": "<TopologyDescription id: 664d06efbb8ccd6879cb543b, topology_type: Single, servers: [<ServerDescription ('localhost', 27017) server_type: Standalone, rtt: 0.0>]>", "clientId": {"$oid": "664d06efbb8ccd6879cb543b"}}
2024-05-21 23:41:32 [pymongo.serverSelection] DEBUG: {"message": "Server selection succeeded", "selector": "<function writable_server_selector at 0x000001FEE687F7F0>", "operation": "insert", "topologyDescription": "<TopologyDescription id: 664d06efbb8ccd6879cb543b, topology_type: Single, servers: [<ServerDescription ('localhost', 27017) server_type: Standalone, rtt: 0.0>]>", "clientId": {"$oid": "664d06efbb8ccd6879cb543b"}, "serverHost": "localhost", "serverPort": 27017}
2024-05-21 23:41:32 [pymongo.command] DEBUG: {"clientId": {"$oid": "664d06efbb8ccd6879cb543b"}, "message": "Command started", "command": "{\"insert\": \"prices\", \"ordered\": true, \"lsid\": {\"id\": {\"$binary\": {\"base64\": \"xuqQwwLgQgSG+qo5SNbL5g==\", \"subType\": \"04\"}}}, \"$db\": \"aqarmapRealEstate\", \"documents\": [{\"price\": \"50000\", \"_id\": {\"$oid\": \"664d06fcbb8ccd6879cb5453\"}}]}", "commandName": "insert", "databaseName": "aqarmapRealEstate", "requestId": 1751, "operationId": 1751, "driverConnectionId": 1, "serverConnectionId": 27, "serverHost": "localhost", "serverPort": 27017}
2024-05-21 23:41:32 [pymongo.command] DEBUG: {"clientId": {"$oid": "664d06efbb8ccd6879cb543b"}, "message": "Command succeeded", "durationMS": 0.9959999999999999, "reply": "{\"n\": 1, \"ok\": 1.0}", "commandName": "insert", "databaseName": "aqarmapRealEstate", "requestId": 1751, "operationId": 1751, "driverConnectionId": 1, "serverConnectionId": 27, "serverHost": "localhost", "serverPort": 27017}
2024-05-21 23:41:32 [scrapy.core.scraper] ERROR: Error processing {'price': '50000'}
Traceback (most recent call last):
  File "C:\Users\Karim\AppData\Local\Programs\Python\Python310\lib\site-packages\twisted\internet\defer.py", line 1078, in _runCallbacks
    current.result = callback(  # type: ignore[misc]
  File "C:\Users\Karim\AppData\Local\Programs\Python\Python310\lib\site-packages\scrapy\utils\defer.py", line 340, in f
    return deferred_from_coro(coro_f(*coro_args, **coro_kwargs))
  File "C:\Users\Karim\Desktop\Projects\Real Estate Data Averages\properties\properties\pipelines.py", line 46, in process_item
    logger.debug("Price added to MongoDB database!", spider=spider)
  File "C:\Users\Karim\AppData\Local\Programs\Python\Python310\lib\logging\__init__.py", line 1465, in debug
    self._log(DEBUG, msg, args, **kwargs)
TypeError: Logger._log() got an unexpected keyword argument 'spider'
2024-05-21 23:41:32 [pymongo.serverSelection] DEBUG: {"message": "Server selection started", "selector": "<function writable_server_selector at 0x000001FEE687F7F0>", "operation": "insert", "topologyDescription": "<TopologyDescription id: 664d06efbb8ccd6879cb543b, topology_type: Single, servers: [<ServerDescription ('localhost', 27017) server_type: Standalone, rtt: 0.0>]>", "clientId": {"$oid": "664d06efbb8ccd6879cb543b"}}
2024-05-21 23:41:32 [pymongo.serverSelection] DEBUG: {"message": "Server selection succeeded", "selector": "<function writable_server_selector at 0x000001FEE687F7F0>", "operation": "insert", "topologyDescription": "<TopologyDescription id: 664d06efbb8ccd6879cb543b, topology_type: Single, servers: [<ServerDescription ('localhost', 27017) server_type: Standalone, rtt: 0.0>]>", "clientId": {"$oid": "664d06efbb8ccd6879cb543b"}, "serverHost": "localhost", "serverPort": 27017}
2024-05-21 23:41:32 [pymongo.command] DEBUG: {"clientId": {"$oid": "664d06efbb8ccd6879cb543b"}, "message": "Command started", "command": "{\"insert\": \"prices\", \"ordered\": true, \"lsid\": {\"id\": {\"$binary\": {\"base64\": \"xuqQwwLgQgSG+qo5SNbL5g==\", \"subType\": \"04\"}}}, \"$db\": \"aqarmapRealEstate\", \"documents\": [{\"price\": \"30000\", \"_id\": {\"$oid\": \"664d06fcbb8ccd6879cb5454\"}}]}", "commandName": "insert", "databaseName": "aqarmapRealEstate", "requestId": 25157, "operationId": 25157, "driverConnectionId": 1, "serverConnectionId": 27, "serverHost": "localhost", "serverPort": 27017}
2024-05-21 23:41:32 [pymongo.command] DEBUG: {"clientId": {"$oid": "664d06efbb8ccd6879cb543b"}, "message": "Command succeeded", "durationMS": 0.0, "reply": "{\"n\": 1, \"ok\": 1.0}", "commandName": "insert", "databaseName": "aqarmapRealEstate", "requestId": 25157, "operationId": 25157, "driverConnectionId": 1, "serverConnectionId": 27, "serverHost": "localhost", "serverPort": 27017}
2024-05-21 23:41:32 [scrapy.core.scraper] ERROR: Error processing {'price': '30000'}
Traceback (most recent call last):
  File "C:\Users\Karim\AppData\Local\Programs\Python\Python310\lib\site-packages\twisted\internet\defer.py", line 1078, in _runCallbacks
    current.result = callback(  # type: ignore[misc]
  File "C:\Users\Karim\AppData\Local\Programs\Python\Python310\lib\site-packages\scrapy\utils\defer.py", line 340, in f
    return deferred_from_coro(coro_f(*coro_args, **coro_kwargs))
  File "C:\Users\Karim\Desktop\Projects\Real Estate Data Averages\properties\properties\pipelines.py", line 46, in process_item
    logger.debug("Price added to MongoDB database!", spider=spider)
  File "C:\Users\Karim\AppData\Local\Programs\Python\Python310\lib\logging\__init__.py", line 1465, in debug
    self._log(DEBUG, msg, args, **kwargs)
TypeError: Logger._log() got an unexpected keyword argument 'spider'
2024-05-21 23:41:32 [pymongo.serverSelection] DEBUG: {"message": "Server selection started", "selector": "<function writable_server_selector at 0x000001FEE687F7F0>", "operation": "insert", "topologyDescription": "<TopologyDescription id: 664d06efbb8ccd6879cb543b, topology_type: Single, servers: [<ServerDescription ('localhost', 27017) server_type: Standalone, rtt: 0.0>]>", "clientId": {"$oid": "664d06efbb8ccd6879cb543b"}}
2024-05-21 23:41:32 [pymongo.serverSelection] DEBUG: {"message": "Server selection succeeded", "selector": "<function writable_server_selector at 0x000001FEE687F7F0>", "operation": "insert", "topologyDescription": "<TopologyDescription id: 664d06efbb8ccd6879cb543b, topology_type: Single, servers: [<ServerDescription ('localhost', 27017) server_type: Standalone, rtt: 0.0>]>", "clientId": {"$oid": "664d06efbb8ccd6879cb543b"}, "serverHost": "localhost", "serverPort": 27017}
2024-05-21 23:41:32 [pymongo.command] DEBUG: {"clientId": {"$oid": "664d06efbb8ccd6879cb543b"}, "message": "Command started", "command": "{\"insert\": \"prices\", \"ordered\": true, \"lsid\": {\"id\": {\"$binary\": {\"base64\": \"xuqQwwLgQgSG+qo5SNbL5g==\", \"subType\": \"04\"}}}, \"$db\": \"aqarmapRealEstate\", \"documents\": [{\"price\": \"21000\", \"_id\": {\"$oid\": \"664d06fcbb8ccd6879cb5455\"}}]}", "commandName": "insert", "databaseName": "aqarmapRealEstate", "requestId": 25689, "operationId": 25689, "driverConnectionId": 1, "serverConnectionId": 27, "serverHost": "localhost", "serverPort": 27017}
2024-05-21 23:41:32 [pymongo.command] DEBUG: {"clientId": {"$oid": "664d06efbb8ccd6879cb543b"}, "message": "Command succeeded", "durationMS": 0.0, "reply": "{\"n\": 1, \"ok\": 1.0}", "commandName": "insert", "databaseName": "aqarmapRealEstate", "requestId": 25689, "operationId": 25689, "driverConnectionId": 1, "serverConnectionId": 27, "serverHost": "localhost", "serverPort": 27017}
2024-05-21 23:41:32 [scrapy.core.scraper] ERROR: Error processing {'price': '21000'}
Traceback (most recent call last):
  File "C:\Users\Karim\AppData\Local\Programs\Python\Python310\lib\site-packages\twisted\internet\defer.py", line 1078, in _runCallbacks
    current.result = callback(  # type: ignore[misc]
  File "C:\Users\Karim\AppData\Local\Programs\Python\Python310\lib\site-packages\scrapy\utils\defer.py", line 340, in f
    return deferred_from_coro(coro_f(*coro_args, **coro_kwargs))
  File "C:\Users\Karim\Desktop\Projects\Real Estate Data Averages\properties\properties\pipelines.py", line 46, in process_item
    logger.debug("Price added to MongoDB database!", spider=spider)
  File "C:\Users\Karim\AppData\Local\Programs\Python\Python310\lib\logging\__init__.py", line 1465, in debug
    self._log(DEBUG, msg, args, **kwargs)
TypeError: Logger._log() got an unexpected keyword argument 'spider'
2024-05-21 23:41:32 [pymongo.serverSelection] DEBUG: {"message": "Server selection started", "selector": "<function writable_server_selector at 0x000001FEE687F7F0>", "operation": "insert", "topologyDescription": "<TopologyDescription id: 664d06efbb8ccd6879cb543b, topology_type: Single, servers: [<ServerDescription ('localhost', 27017) server_type: Standalone, rtt: 0.0>]>", "clientId": {"$oid": "664d06efbb8ccd6879cb543b"}}
2024-05-21 23:41:32 [pymongo.serverSelection] DEBUG: {"message": "Server selection succeeded", "selector": "<function writable_server_selector at 0x000001FEE687F7F0>", "operation": "insert", "topologyDescription": "<TopologyDescription id: 664d06efbb8ccd6879cb543b, topology_type: Single, servers: [<ServerDescription ('localhost', 27017) server_type: Standalone, rtt: 0.0>]>", "clientId": {"$oid": "664d06efbb8ccd6879cb543b"}, "serverHost": "localhost", "serverPort": 27017}
2024-05-21 23:41:32 [pymongo.command] DEBUG: {"clientId": {"$oid": "664d06efbb8ccd6879cb543b"}, "message": "Command started", "command": "{\"insert\": \"prices\", \"ordered\": true, \"lsid\": {\"id\": {\"$binary\": {\"base64\": \"xuqQwwLgQgSG+qo5SNbL5g==\", \"subType\": \"04\"}}}, \"$db\": \"aqarmapRealEstate\", \"documents\": [{\"price\": \"75000\", \"_id\": {\"$oid\": \"664d06fcbb8ccd6879cb5456\"}}]}", "commandName": "insert", "databaseName": "aqarmapRealEstate", "requestId": 12281, "operationId": 12281, "driverConnectionId": 1, "serverConnectionId": 27, "serverHost": "localhost", "serverPort": 27017}
2024-05-21 23:41:32 [pymongo.command] DEBUG: {"clientId": {"$oid": "664d06efbb8ccd6879cb543b"}, "message": "Command succeeded", "durationMS": 0.0, "reply": "{\"n\": 1, \"ok\": 1.0}", "commandName": "insert", "databaseName": "aqarmapRealEstate", "requestId": 12281, "operationId": 12281, "driverConnectionId": 1, "serverConnectionId": 27, "serverHost": "localhost", "serverPort": 27017}
2024-05-21 23:41:32 [scrapy.core.scraper] ERROR: Error processing {'price': '75000'}
Traceback (most recent call last):
  File "C:\Users\Karim\AppData\Local\Programs\Python\Python310\lib\site-packages\twisted\internet\defer.py", line 1078, in _runCallbacks
    current.result = callback(  # type: ignore[misc]
  File "C:\Users\Karim\AppData\Local\Programs\Python\Python310\lib\site-packages\scrapy\utils\defer.py", line 340, in f
    return deferred_from_coro(coro_f(*coro_args, **coro_kwargs))
  File "C:\Users\Karim\Desktop\Projects\Real Estate Data Averages\properties\properties\pipelines.py", line 46, in process_item
    logger.debug("Price added to MongoDB database!", spider=spider)
  File "C:\Users\Karim\AppData\Local\Programs\Python\Python310\lib\logging\__init__.py", line 1465, in debug
    self._log(DEBUG, msg, args, **kwargs)
TypeError: Logger._log() got an unexpected keyword argument 'spider'
2024-05-21 23:41:32 [pymongo.serverSelection] DEBUG: {"message": "Server selection started", "selector": "<function writable_server_selector at 0x000001FEE687F7F0>", "operation": "insert", "topologyDescription": "<TopologyDescription id: 664d06efbb8ccd6879cb543b, topology_type: Single, servers: [<ServerDescription ('localhost', 27017) server_type: Standalone, rtt: 0.0>]>", "clientId": {"$oid": "664d06efbb8ccd6879cb543b"}}
2024-05-21 23:41:32 [pymongo.serverSelection] DEBUG: {"message": "Server selection succeeded", "selector": "<function writable_server_selector at 0x000001FEE687F7F0>", "operation": "insert", "topologyDescription": "<TopologyDescription id: 664d06efbb8ccd6879cb543b, topology_type: Single, servers: [<ServerDescription ('localhost', 27017) server_type: Standalone, rtt: 0.0>]>", "clientId": {"$oid": "664d06efbb8ccd6879cb543b"}, "serverHost": "localhost", "serverPort": 27017}
2024-05-21 23:41:32 [pymongo.command] DEBUG: {"clientId": {"$oid": "664d06efbb8ccd6879cb543b"}, "message": "Command started", "command": "{\"insert\": \"prices\", \"ordered\": true, \"lsid\": {\"id\": {\"$binary\": {\"base64\": \"xuqQwwLgQgSG+qo5SNbL5g==\", \"subType\": \"04\"}}}, \"$db\": \"aqarmapRealEstate\", \"documents\": [{\"price\": \"75000\", \"_id\": {\"$oid\": \"664d06fcbb8ccd6879cb5457\"}}]}", "commandName": "insert", "databaseName": "aqarmapRealEstate", "requestId": 10589, "operationId": 10589, "driverConnectionId": 1, "serverConnectionId": 27, "serverHost": "localhost", "serverPort": 27017}
2024-05-21 23:41:32 [pymongo.command] DEBUG: {"clientId": {"$oid": "664d06efbb8ccd6879cb543b"}, "message": "Command succeeded", "durationMS": 0.9970000000000001, "reply": "{\"n\": 1, \"ok\": 1.0}", "commandName": "insert", "databaseName": "aqarmapRealEstate", "requestId": 10589, "operationId": 10589, "driverConnectionId": 1, "serverConnectionId": 27, "serverHost": "localhost", "serverPort": 27017}
2024-05-21 23:41:32 [scrapy.core.scraper] ERROR: Error processing {'price': '75000'}
Traceback (most recent call last):
  File "C:\Users\Karim\AppData\Local\Programs\Python\Python310\lib\site-packages\twisted\internet\defer.py", line 1078, in _runCallbacks
    current.result = callback(  # type: ignore[misc]
  File "C:\Users\Karim\AppData\Local\Programs\Python\Python310\lib\site-packages\scrapy\utils\defer.py", line 340, in f
    return deferred_from_coro(coro_f(*coro_args, **coro_kwargs))
  File "C:\Users\Karim\Desktop\Projects\Real Estate Data Averages\properties\properties\pipelines.py", line 46, in process_item
    logger.debug("Price added to MongoDB database!", spider=spider)
  File "C:\Users\Karim\AppData\Local\Programs\Python\Python310\lib\logging\__init__.py", line 1465, in debug
    self._log(DEBUG, msg, args, **kwargs)
TypeError: Logger._log() got an unexpected keyword argument 'spider'
2024-05-21 23:41:32 [pymongo.serverSelection] DEBUG: {"message": "Server selection started", "selector": "<function writable_server_selector at 0x000001FEE687F7F0>", "operation": "insert", "topologyDescription": "<TopologyDescription id: 664d06efbb8ccd6879cb543b, topology_type: Single, servers: [<ServerDescription ('localhost', 27017) server_type: Standalone, rtt: 0.0>]>", "clientId": {"$oid": "664d06efbb8ccd6879cb543b"}}
2024-05-21 23:41:32 [pymongo.serverSelection] DEBUG: {"message": "Server selection succeeded", "selector": "<function writable_server_selector at 0x000001FEE687F7F0>", "operation": "insert", "topologyDescription": "<TopologyDescription id: 664d06efbb8ccd6879cb543b, topology_type: Single, servers: [<ServerDescription ('localhost', 27017) server_type: Standalone, rtt: 0.0>]>", "clientId": {"$oid": "664d06efbb8ccd6879cb543b"}, "serverHost": "localhost", "serverPort": 27017}
2024-05-21 23:41:32 [pymongo.command] DEBUG: {"clientId": {"$oid": "664d06efbb8ccd6879cb543b"}, "message": "Command started", "command": "{\"insert\": \"prices\", \"ordered\": true, \"lsid\": {\"id\": {\"$binary\": {\"base64\": \"xuqQwwLgQgSG+qo5SNbL5g==\", \"subType\": \"04\"}}}, \"$db\": \"aqarmapRealEstate\", \"documents\": [{\"price\": \"75000\", \"_id\": {\"$oid\": \"664d06fcbb8ccd6879cb5458\"}}]}", "commandName": "insert", "databaseName": "aqarmapRealEstate", "requestId": 10759, "operationId": 10759, "driverConnectionId": 1, "serverConnectionId": 27, "serverHost": "localhost", "serverPort": 27017}
2024-05-21 23:41:32 [pymongo.command] DEBUG: {"clientId": {"$oid": "664d06efbb8ccd6879cb543b"}, "message": "Command succeeded", "durationMS": 0.9970000000000001, "reply": "{\"n\": 1, \"ok\": 1.0}", "commandName": "insert", "databaseName": "aqarmapRealEstate", "requestId": 10759, "operationId": 10759, "driverConnectionId": 1, "serverConnectionId": 27, "serverHost": "localhost", "serverPort": 27017}
2024-05-21 23:41:32 [scrapy.core.scraper] ERROR: Error processing {'price': '75000'}
Traceback (most recent call last):
  File "C:\Users\Karim\AppData\Local\Programs\Python\Python310\lib\site-packages\twisted\internet\defer.py", line 1078, in _runCallbacks
    current.result = callback(  # type: ignore[misc]
  File "C:\Users\Karim\AppData\Local\Programs\Python\Python310\lib\site-packages\scrapy\utils\defer.py", line 340, in f
    return deferred_from_coro(coro_f(*coro_args, **coro_kwargs))
  File "C:\Users\Karim\Desktop\Projects\Real Estate Data Averages\properties\properties\pipelines.py", line 46, in process_item
    logger.debug("Price added to MongoDB database!", spider=spider)
  File "C:\Users\Karim\AppData\Local\Programs\Python\Python310\lib\logging\__init__.py", line 1465, in debug
    self._log(DEBUG, msg, args, **kwargs)
TypeError: Logger._log() got an unexpected keyword argument 'spider'
2024-05-21 23:41:32 [pymongo.serverSelection] DEBUG: {"message": "Server selection started", "selector": "<function writable_server_selector at 0x000001FEE687F7F0>", "operation": "insert", "topologyDescription": "<TopologyDescription id: 664d06efbb8ccd6879cb543b, topology_type: Single, servers: [<ServerDescription ('localhost', 27017) server_type: Standalone, rtt: 0.0>]>", "clientId": {"$oid": "664d06efbb8ccd6879cb543b"}}
2024-05-21 23:41:32 [pymongo.serverSelection] DEBUG: {"message": "Server selection succeeded", "selector": "<function writable_server_selector at 0x000001FEE687F7F0>", "operation": "insert", "topologyDescription": "<TopologyDescription id: 664d06efbb8ccd6879cb543b, topology_type: Single, servers: [<ServerDescription ('localhost', 27017) server_type: Standalone, rtt: 0.0>]>", "clientId": {"$oid": "664d06efbb8ccd6879cb543b"}, "serverHost": "localhost", "serverPort": 27017}
2024-05-21 23:41:32 [pymongo.command] DEBUG: {"clientId": {"$oid": "664d06efbb8ccd6879cb543b"}, "message": "Command started", "command": "{\"insert\": \"prices\", \"ordered\": true, \"lsid\": {\"id\": {\"$binary\": {\"base64\": \"xuqQwwLgQgSG+qo5SNbL5g==\", \"subType\": \"04\"}}}, \"$db\": \"aqarmapRealEstate\", \"documents\": [{\"price\": \"45000\", \"_id\": {\"$oid\": \"664d06fcbb8ccd6879cb5459\"}}]}", "commandName": "insert", "databaseName": "aqarmapRealEstate", "requestId": 4826, "operationId": 4826, "driverConnectionId": 1, "serverConnectionId": 27, "serverHost": "localhost", "serverPort": 27017}
2024-05-21 23:41:32 [pymongo.command] DEBUG: {"clientId": {"$oid": "664d06efbb8ccd6879cb543b"}, "message": "Command succeeded", "durationMS": 0.9959999999999999, "reply": "{\"n\": 1, \"ok\": 1.0}", "commandName": "insert", "databaseName": "aqarmapRealEstate", "requestId": 4826, "operationId": 4826, "driverConnectionId": 1, "serverConnectionId": 27, "serverHost": "localhost", "serverPort": 27017}
2024-05-21 23:41:32 [scrapy.core.scraper] ERROR: Error processing {'price': '45000'}
Traceback (most recent call last):
  File "C:\Users\Karim\AppData\Local\Programs\Python\Python310\lib\site-packages\twisted\internet\defer.py", line 1078, in _runCallbacks
    current.result = callback(  # type: ignore[misc]
  File "C:\Users\Karim\AppData\Local\Programs\Python\Python310\lib\site-packages\scrapy\utils\defer.py", line 340, in f
    return deferred_from_coro(coro_f(*coro_args, **coro_kwargs))
  File "C:\Users\Karim\Desktop\Projects\Real Estate Data Averages\properties\properties\pipelines.py", line 46, in process_item
    logger.debug("Price added to MongoDB database!", spider=spider)
  File "C:\Users\Karim\AppData\Local\Programs\Python\Python310\lib\logging\__init__.py", line 1465, in debug
    self._log(DEBUG, msg, args, **kwargs)
TypeError: Logger._log() got an unexpected keyword argument 'spider'
2024-05-21 23:41:32 [scrapy.core.engine] INFO: Closing spider (finished)
2024-05-21 23:41:32 [scrapy.statscollectors] INFO: Dumping Scrapy stats:
{'downloader/request_bytes': 478,
 'downloader/request_count': 2,
 'downloader/request_method_count/GET': 2,
 'downloader/response_bytes': 156689,
 'downloader/response_count': 2,
 'downloader/response_status_count/200': 2,
 'elapsed_time_seconds': 13.115848,
 'finish_reason': 'finished',
 'finish_time': datetime.datetime(2024, 5, 21, 20, 41, 32, 339951, tzinfo=datetime.timezone.utc),
 'httpcompression/response_bytes': 1277577,
 'httpcompression/response_count': 2,
 'log_count/DEBUG': 125,
 'log_count/ERROR': 30,
 'log_count/INFO': 10,
 'response_received_count': 2,
 'robotstxt/request_count': 1,
 'robotstxt/response_count': 1,
 'robotstxt/response_status_count/200': 1,
 'scheduler/dequeued': 1,
 'scheduler/dequeued/memory': 1,
 'scheduler/enqueued': 1,
 'scheduler/enqueued/memory': 1,
 'start_time': datetime.datetime(2024, 5, 21, 20, 41, 19, 224103, tzinfo=datetime.timezone.utc)}
2024-05-21 23:41:32 [scrapy.core.engine] INFO: Spider closed (finished)
